#
# A fatal error has been detected by the Java Runtime Environment:
#
#  SIGSEGV (0xb) at pc=0x00007fff961530dd, pid=863, tid=1811
#
# JRE version: Java(TM) SE Runtime Environment (7.0_45-b18) (build 1.7.0_45-b18)
# Java VM: Java HotSpot(TM) 64-Bit Server VM (24.45-b08 mixed mode bsd-amd64 compressed oops)
# Problematic frame:
# C  [libobjc.A.dylib+0x10dd]  objc_msgSend+0x1d
#
# Failed to write core dump. Core dumps have been disabled. To enable core dumping, try "ulimit -c unlimited" before starting Java again
#
# If you would like to submit a bug report, please visit:
#   http://bugreport.sun.com/bugreport/crash.jsp
# The crash happened outside the Java Virtual Machine in native code.
# See problematic frame for where to report the bug.
#

---------------  T H R E A D  ---------------

Current thread (0x00007fdcdb095800):  JavaThread "AppKit Thread" daemon [_thread_in_native, id=1811, stack(0x00007fff5a655000,0x00007fff5a6d5000)]

siginfo:si_signo=SIGSEGV: si_errno=0, si_code=1 (SEGV_MAPERR), si_addr=0x000007fdcda57b68

Registers:
RAX=0x00007fdcda592410, RBX=0x00007fff5a6d00f8, RCX=0x0000000000000000, RDX=0x00007fdce0af47e0
RSP=0x00007fff5a6cff18, RBP=0x00007fff5a6cff20, RSI=0x00007fff9400c41e, RDI=0x00007fdcda592410
R8 =0x00007fff5a6cff00, R9 =0x0000000000000059, R10=0x00007fff9400c41e, R11=0x000007fdcda57b50
R12=0x00007fdcda702830, R13=0x00000000000f430d, R14=0x00007fdcda431360, R15=0x00007fff5a6d0058
RIP=0x00007fff961530dd, EFLAGS=0x0000000000010206, ERR=0x0000000000000004
  TRAPNO=0x000000000000000e

Top of Stack: (sp=0x00007fff5a6cff18)
0x00007fff5a6cff18:   00007fff8dfb745c 00007fff5a6d0280
0x00007fff5a6cff28:   00007fff8dea7634 00007fff5a6cffac
0x00007fff5a6cff38:   00007fff5a6cffb0 00007fff5a6cffb4
0x00007fff5a6cff48:   00007fff780e3e00 ffffffffffffffff
0x00007fff5a6cff58:   0000000000000858 00007fff780e3e18
0x00007fff5a6cff68:   00007fdcda431360 0000000000000000
0x00007fff5a6cff78:   00007fff5a6d0050 0000000000000000
0x00007fff5a6cff88:   00007fdcda5969c0 00007fff5a6d00d0
0x00007fff5a6cff98:   0000000000000059 00000000000f430f
0x00007fff5a6cffa8:   00007fdce0af47e0 00007fdce0af09e0
0x00007fff5a6cffb8:   00007fdcda702830 0000000000000001
0x00007fff5a6cffc8:   00000000000f430d 00007fdcda702820
0x00007fff5a6cffd8:   00007fff8a228c05 00000001da5900d0
0x00007fff5a6cffe8:   00007fff79ef50d0 0000000042000000
0x00007fff5a6cfff8:   00007fff8a22fe63 00007fff780ae240
0x00007fff5a6d0008:   00007fff5a6d00d8 00007fff5a6d0030
0x00007fff5a6d0018:   00007fff5a6d0050 0000000000000000
0x00007fff5a6d0028:   0000000000000005 0002d10300000001
0x00007fff5a6d0038:   00007fdcda702854 0000000000000000
0x00007fff5a6d0048:   0000000000000000 00007fdce0af0dc0
0x00007fff5a6d0058:   00007fdcda431360 0000002000000000
0x00007fff5a6d0068:   0000000000000000 00007fff79ef50d0
0x00007fff5a6d0078:   0000000042000000 00007fff8a22f4f8
0x00007fff5a6d0088:   00007fff780ae350 00007fff5a6cffe8
0x00007fff5a6d0098:   0000000000000000 00007fff5a6d0168
0x00007fff5a6d00a8:   00007fff795e1ea0 00007fff5a6d01a0
0x00007fff5a6d00b8:   00007fff8f8ce770 00007fff5a6d0150
0x00007fff5a6d00c8:   00007fff937404ed 0000000000000055
0x00007fff5a6d00d8:   0000000000000000 00000000000f4307
0x00007fff5a6d00e8:   0000000000000057 0000000000000000
0x00007fff5a6d00f8:   00000000000f430d 00007fff5a6d0174
0x00007fff5a6d0108:   0000000000492601 00000000ffffffff 

Instructions: (pc=0x00007fff961530dd)
0x00007fff961530bd:   00 00 00 48 85 ff 2e 74 7a 40 f6 c7 01 2e 75 7e
0x00007fff961530cd:   49 bb f8 ff ff ff ff 7f 00 00 4c 23 1f 49 89 f2
0x00007fff961530dd:   45 23 53 18 49 c1 e2 04 4d 03 53 10 49 3b 32 75
0x00007fff961530ed:   04 41 ff 62 08 49 83 3a 00 74 6a 4d 3b 53 10 74 

Register to memory mapping:

RAX=0x00007fdcda592410 is an unknown value
RBX=0x00007fff5a6d00f8 is pointing into the stack for thread: 0x00007fdcdb095800
RCX=0x0000000000000000 is an unknown value
RDX=0x00007fdce0af47e0 is an unknown value
RSP=0x00007fff5a6cff18 is pointing into the stack for thread: 0x00007fdcdb095800
RBP=0x00007fff5a6cff20 is pointing into the stack for thread: 0x00007fdcdb095800
RSI=0x00007fff9400c41e: -[NSTitlebarContainerView transparent]+0x5e312 in /System/Library/Frameworks/AppKit.framework/Versions/C/AppKit at 0x00007fff9360b000
RDI=0x00007fdcda592410 is an unknown value
R8 =0x00007fff5a6cff00 is pointing into the stack for thread: 0x00007fdcdb095800
R9 =0x0000000000000059 is an unknown value
R10=0x00007fff9400c41e: -[NSTitlebarContainerView transparent]+0x5e312 in /System/Library/Frameworks/AppKit.framework/Versions/C/AppKit at 0x00007fff9360b000
R11=0x000007fdcda57b50 is an unknown value
R12=0x00007fdcda702830 is an unknown value
R13=0x00000000000f430d is an unknown value
R14=0x00007fdcda431360 is an unknown value
R15=0x00007fff5a6d0058 is pointing into the stack for thread: 0x00007fdcdb095800


Stack: [0x00007fff5a655000,0x00007fff5a6d5000],  sp=0x00007fff5a6cff18,  free space=491k
Native frames: (J=compiled Java code, j=interpreted, Vv=VM code, C=native code)
C  [libobjc.A.dylib+0x10dd]  objc_msgSend+0x1d
C  [CoreFoundation+0x10634]  _CFXNotificationPost+0xc44
C  [Foundation+0x7aa1]  -[NSNotificationCenter postNotificationName:object:userInfo:]+0x42
C  [AppKit+0x439c2]  -[NSSurface _disposeSurface]+0x98
C  [AppKit+0x43426]  -[NSSurface setWindow:]+0x42
C  [AppKit+0x33910]  -[NSView _setWindow:]+0xa33
C  [AppKit+0x6af91]  -[NSView removeFromSuperview]+0x1c5
C  [AppKit+0x14bd99]  -[NSView removeFromSuperviewWithoutNeedingDisplay]+0x26
C  [liblwjgl.dylib+0xa205]  +[MacOSXKeyableWindow destroyWindow]+0xb5
C  [Foundation+0x92dd0]  __NSThreadPerformPerform+0x125
C  [CoreFoundation+0x80a01]  __CFRUNLOOP_IS_CALLING_OUT_TO_A_SOURCE0_PERFORM_FUNCTION__+0x11
C  [CoreFoundation+0x72b8d]  __CFRunLoopDoSources0+0x10d
C  [CoreFoundation+0x721bf]  __CFRunLoopRun+0x39f
C  [CoreFoundation+0x71bd8]  CFRunLoopRunSpecific+0x128
C  [HIToolbox+0x3256f]  RunCurrentEventLoopInMode+0xeb
C  [HIToolbox+0x322ea]  ReceiveNextEventCommon+0x1af
C  [HIToolbox+0x3212b]  _BlockUntilNextEventMatchingListInModeWithFilter+0x47
C  [AppKit+0x918ab]  _DPSNextEvent+0x3d2
C  [AppKit+0x90e58]  -[NSApplication nextEventMatchingMask:untilDate:inMode:dequeue:]+0x15a
C  [libosxapp.dylib+0x16f4]  -[NSApplicationAWT nextEventMatchingMask:untilDate:inMode:dequeue:]+0x7c
C  [AppKit+0x86af3]  -[NSApplication run]+0x252
C  [libosxapp.dylib+0x1557]  +[NSApplicationAWT runAWTLoopWithApp:]+0x9c
C  [liblwawt.dylib+0xdba9]  -[AWTStarter starter:]+0x369
C  [Foundation+0x92dd0]  __NSThreadPerformPerform+0x125
C  [CoreFoundation+0x80a01]  __CFRUNLOOP_IS_CALLING_OUT_TO_A_SOURCE0_PERFORM_FUNCTION__+0x11
C  [CoreFoundation+0x72b8d]  __CFRunLoopDoSources0+0x10d
C  [CoreFoundation+0x721bf]  __CFRunLoopRun+0x39f
C  [CoreFoundation+0x71bd8]  CFRunLoopRunSpecific+0x128
C  [java+0x73b0]  CreateExecutionEnvironment+0x367
C  [java+0x1b5c]  JLI_Launch+0x7a0
C  [java+0x770d]  main+0x65
C  [java+0x13b4]  start+0x34


---------------  P R O C E S S  ---------------

Java Threads: ( => current thread )
  0x00007fdcdaeb7000 JavaThread "AWT-Shutdown" [_thread_blocked, id=22547, stack(0x000000011992b000,0x0000000119a2b000)]
  0x00007fdcdb929800 JavaThread "DestroyJavaVM" [_thread_blocked, id=4867, stack(0x0000000105641000,0x0000000105741000)]
  0x00007fdcdb929000 JavaThread "LWJGL Application" [_thread_in_native, id=62211, stack(0x0000000116e42000,0x0000000116f42000)]
=>0x00007fdcdb095800 JavaThread "AppKit Thread" daemon [_thread_in_native, id=1811, stack(0x00007fff5a655000,0x00007fff5a6d5000)]
  0x00007fdcdb853800 JavaThread "Service Thread" daemon [_thread_blocked, id=17667, stack(0x0000000111e83000,0x0000000111f83000)]
  0x00007fdcdb852800 JavaThread "C2 CompilerThread1" daemon [_thread_blocked, id=17155, stack(0x0000000111d80000,0x0000000111e80000)]
  0x00007fdcdb851000 JavaThread "C2 CompilerThread0" daemon [_thread_blocked, id=16643, stack(0x0000000111c7d000,0x0000000111d7d000)]
  0x00007fdcdb84d800 JavaThread "Signal Dispatcher" daemon [_thread_blocked, id=13331, stack(0x0000000111b7a000,0x0000000111c7a000)]
  0x00007fdcdb83e000 JavaThread "Finalizer" daemon [_thread_blocked, id=11523, stack(0x0000000110169000,0x0000000110269000)]
  0x00007fdcdc000000 JavaThread "Reference Handler" daemon [_thread_blocked, id=11011, stack(0x0000000110066000,0x0000000110166000)]

Other Threads:
  0x00007fdcda80f800 VMThread [stack: 0x000000010ff63000,0x0000000110063000] [id=10499]
  0x00007fdcdb84e800 WatcherThread [stack: 0x0000000111f86000,0x0000000112086000] [id=18179]

VM state:not at safepoint (normal execution)

VM Mutex/Monitor currently owned by a thread: None

Heap
 PSYoungGen      total 88064K, used 50079K [0x00000007d5500000, 0x00000007de880000, 0x0000000800000000)
  eden space 43520K, 32% used [0x00000007d5500000,0x00000007d62dff68,0x00000007d7f80000)
  from space 44544K, 80% used [0x00000007d7f80000,0x00000007da288000,0x00000007dab00000)
  to   space 49152K, 0% used [0x00000007db880000,0x00000007db880000,0x00000007de880000)
 ParOldGen       total 112128K, used 43305K [0x0000000780000000, 0x0000000786d80000, 0x00000007d5500000)
  object space 112128K, 38% used [0x0000000780000000,0x0000000782a4a5b0,0x0000000786d80000)
 PSPermGen       total 21504K, used 6700K [0x000000077ae00000, 0x000000077c300000, 0x0000000780000000)
  object space 21504K, 31% used [0x000000077ae00000,0x000000077b48b268,0x000000077c300000)

Card table byte_map: [0x0000000109b13000,0x0000000109f3d000] byte_map_base: 0x0000000105f3c000

Polling page: 0x0000000105780000

Code Cache  [0x0000000106a53000, 0x0000000106cc3000, 0x0000000109a53000)
 total_blobs=577 nmethods=256 adapters=276 free_code_cache=47969Kb largest_free_block=49089920

Compilation events (10 events):
Event: 38.779 Thread 0x00007fdcdb851000  252   !         org.lwjgl.opengl.Display::isCreated (17 bytes)
Event: 38.780 Thread 0x00007fdcdb851000 nmethod 252 0x0000000106b7b490 code [0x0000000106b7b5e0, 0x0000000106b7b838]
Event: 38.827 Thread 0x00007fdcdb852800  253             com.ru.tgra.shapes.Vector3D::set (16 bytes)
Event: 38.827 Thread 0x00007fdcdb852800 nmethod 253 0x0000000106b7b290 code [0x0000000106b7b3c0, 0x0000000106b7b438]
Event: 44.977 Thread 0x00007fdcdb851000  254             java.nio.HeapByteBuffer::compact (52 bytes)
Event: 44.980 Thread 0x00007fdcdb851000 nmethod 254 0x0000000106b7add0 code [0x0000000106b7af20, 0x0000000106b7b0b8]
Event: 47.234 Thread 0x00007fdcdb852800  255             org.lwjgl.opengl.Display::getWidth (30 bytes)
Event: 47.237 Thread 0x00007fdcdb852800 nmethod 255 0x0000000106b7d810 code [0x0000000106b7d960, 0x0000000106b7dc38]
Event: 51.462 Thread 0x00007fdcdb851000  256             java.nio.ByteBuffer::put (55 bytes)
Event: 51.467 Thread 0x00007fdcdb851000 nmethod 256 0x0000000106b7d2d0 code [0x0000000106b7d420, 0x0000000106b7d698]

GC Heap History (10 events):
Event: 19.056 GC heap before
{Heap before GC invocations=6 (full 1):
 PSYoungGen      total 38912K, used 33792K [0x00000007d5500000, 0x00000007d8000000, 0x0000000800000000)
  eden space 33792K, 100% used [0x00000007d5500000,0x00000007d7600000,0x00000007d7600000)
  from space 5120K, 0% used [0x00000007d7b00000,0x00000007d7b00000,0x00000007d8000000)
  to   space 5120K, 0% used [0x00000007d7600000,0x00000007d7600000,0x00000007d7b00000)
 ParOldGen       total 112128K, used 24625K [0x0000000780000000, 0x0000000786d80000, 0x00000007d5500000)
  object space 112128K, 21% used [0x0000000780000000,0x000000078180c5b0,0x0000000786d80000)
 PSPermGen       total 21504K, used 6667K [0x000000077ae00000, 0x000000077c300000, 0x0000000780000000)
  object space 21504K, 31% used [0x000000077ae00000,0x000000077b482ea0,0x000000077c300000)
Event: 19.094 GC heap after
Heap after GC invocations=6 (full 1):
 PSYoungGen      total 38912K, used 5120K [0x00000007d5500000, 0x00000007db880000, 0x0000000800000000)
  eden space 33792K, 0% used [0x00000007d5500000,0x00000007d5500000,0x00000007d7600000)
  from space 5120K, 100% used [0x00000007d7600000,0x00000007d7b00000,0x00000007d7b00000)
  to   space 29696K, 0% used [0x00000007d9b80000,0x00000007d9b80000,0x00000007db880000)
 ParOldGen       total 112128K, used 43305K [0x0000000780000000, 0x0000000786d80000, 0x00000007d5500000)
  object space 112128K, 38% used [0x0000000780000000,0x0000000782a4a5b0,0x0000000786d80000)
 PSPermGen       total 21504K, used 6667K [0x000000077ae00000, 0x000000077c300000, 0x0000000780000000)
  object space 21504K, 31% used [0x000000077ae00000,0x000000077b482ea0,0x000000077c300000)
}
Event: 25.874 GC heap before
{Heap before GC invocations=7 (full 1):
 PSYoungGen      total 38912K, used 38912K [0x00000007d5500000, 0x00000007db880000, 0x0000000800000000)
  eden space 33792K, 100% used [0x00000007d5500000,0x00000007d7600000,0x00000007d7600000)
  from space 5120K, 100% used [0x00000007d7600000,0x00000007d7b00000,0x00000007d7b00000)
  to   space 29696K, 0% used [0x00000007d9b80000,0x00000007d9b80000,0x00000007db880000)
 ParOldGen       total 112128K, used 43305K [0x0000000780000000, 0x0000000786d80000, 0x00000007d5500000)
  object space 112128K, 38% used [0x0000000780000000,0x0000000782a4a5b0,0x0000000786d80000)
 PSPermGen       total 21504K, used 6672K [0x000000077ae00000, 0x000000077c300000, 0x0000000780000000)
  object space 21504K, 31% used [0x000000077ae00000,0x000000077b484370,0x000000077c300000)
Event: 25.932 GC heap after
Heap after GC invocations=7 (full 1):
 PSYoungGen      total 65024K, used 28960K [0x00000007d5500000, 0x00000007dc800000, 0x0000000800000000)
  eden space 35328K, 0% used [0x00000007d5500000,0x00000007d5500000,0x00000007d7780000)
  from space 29696K, 97% used [0x00000007d9b80000,0x00000007db7c8000,0x00000007db880000)
  to   space 36864K, 0% used [0x00000007d7780000,0x00000007d7780000,0x00000007d9b80000)
 ParOldGen       total 112128K, used 43305K [0x0000000780000000, 0x0000000786d80000, 0x00000007d5500000)
  object space 112128K, 38% used [0x0000000780000000,0x0000000782a4a5b0,0x0000000786d80000)
 PSPermGen       total 21504K, used 6672K [0x000000077ae00000, 0x000000077c300000, 0x0000000780000000)
  object space 21504K, 31% used [0x000000077ae00000,0x000000077b484370,0x000000077c300000)
}
Event: 33.011 GC heap before
{Heap before GC invocations=8 (full 1):
 PSYoungGen      total 65024K, used 64288K [0x00000007d5500000, 0x00000007dc800000, 0x0000000800000000)
  eden space 35328K, 100% used [0x00000007d5500000,0x00000007d7780000,0x00000007d7780000)
  from space 29696K, 97% used [0x00000007d9b80000,0x00000007db7c8000,0x00000007db880000)
  to   space 36864K, 0% used [0x00000007d7780000,0x00000007d7780000,0x00000007d9b80000)
 ParOldGen       total 112128K, used 43305K [0x0000000780000000, 0x0000000786d80000, 0x00000007d5500000)
  object space 112128K, 38% used [0x0000000780000000,0x0000000782a4a5b0,0x0000000786d80000)
 PSPermGen       total 21504K, used 6682K [0x000000077ae00000, 0x000000077c300000, 0x0000000780000000)
  object space 21504K, 31% used [0x000000077ae00000,0x000000077b486828,0x000000077c300000)
Event: 33.066 GC heap after
Heap after GC invocations=8 (full 1):
 PSYoungGen      total 72192K, used 30048K [0x00000007d5500000, 0x00000007dd380000, 0x0000000800000000)
  eden space 35328K, 0% used [0x00000007d5500000,0x00000007d5500000,0x00000007d7780000)
  from space 36864K, 81% used [0x00000007d7780000,0x00000007d94d8000,0x00000007d9b80000)
  to   space 41472K, 0% used [0x00000007dab00000,0x00000007dab00000,0x00000007dd380000)
 ParOldGen       total 112128K, used 43305K [0x0000000780000000, 0x0000000786d80000, 0x00000007d5500000)
  object space 112128K, 38% used [0x0000000780000000,0x0000000782a4a5b0,0x0000000786d80000)
 PSPermGen       total 21504K, used 6682K [0x000000077ae00000, 0x000000077c300000, 0x0000000780000000)
  object space 21504K, 31% used [0x000000077ae00000,0x000000077b486828,0x000000077c300000)
}
Event: 40.149 GC heap before
{Heap before GC invocations=9 (full 1):
 PSYoungGen      total 72192K, used 65376K [0x00000007d5500000, 0x00000007dd380000, 0x0000000800000000)
  eden space 35328K, 100% used [0x00000007d5500000,0x00000007d7780000,0x00000007d7780000)
  from space 36864K, 81% used [0x00000007d7780000,0x00000007d94d8000,0x00000007d9b80000)
  to   space 41472K, 0% used [0x00000007dab00000,0x00000007dab00000,0x00000007dd380000)
 ParOldGen       total 112128K, used 43305K [0x0000000780000000, 0x0000000786d80000, 0x00000007d5500000)
  object space 112128K, 38% used [0x0000000780000000,0x0000000782a4a5b0,0x0000000786d80000)
 PSPermGen       total 21504K, used 6682K [0x000000077ae00000, 0x000000077c300000, 0x0000000780000000)
  object space 21504K, 31% used [0x000000077ae00000,0x000000077b486ad8,0x000000077c300000)
Event: 40.206 GC heap after
Heap after GC invocations=9 (full 1):
 PSYoungGen      total 84992K, used 30144K [0x00000007d5500000, 0x00000007dda00000, 0x0000000800000000)
  eden space 43520K, 0% used [0x00000007d5500000,0x00000007d5500000,0x00000007d7f80000)
  from space 41472K, 72% used [0x00000007dab00000,0x00000007dc870000,0x00000007dd380000)
  to   space 44544K, 0% used [0x00000007d7f80000,0x00000007d7f80000,0x00000007dab00000)
 ParOldGen       total 112128K, used 43305K [0x0000000780000000, 0x0000000786d80000, 0x00000007d5500000)
  object space 112128K, 38% used [0x0000000780000000,0x0000000782a4a5b0,0x0000000786d80000)
 PSPermGen       total 21504K, used 6682K [0x000000077ae00000, 0x000000077c300000, 0x0000000780000000)
  object space 21504K, 31% used [0x000000077ae00000,0x000000077b486ad8,0x000000077c300000)
}
Event: 48.941 GC heap before
{Heap before GC invocations=10 (full 1):
 PSYoungGen      total 84992K, used 73664K [0x00000007d5500000, 0x00000007dda00000, 0x0000000800000000)
  eden space 43520K, 100% used [0x00000007d5500000,0x00000007d7f80000,0x00000007d7f80000)
  from space 41472K, 72% used [0x00000007dab00000,0x00000007dc870000,0x00000007dd380000)
  to   space 44544K, 0% used [0x00000007d7f80000,0x00000007d7f80000,0x00000007dab00000)
 ParOldGen       total 112128K, used 43305K [0x0000000780000000, 0x0000000786d80000, 0x00000007d5500000)
  object space 112128K, 38% used [0x0000000780000000,0x0000000782a4a5b0,0x0000000786d80000)
 PSPermGen       total 21504K, used 6684K [0x000000077ae00000, 0x000000077c300000, 0x0000000780000000)
  object space 21504K, 31% used [0x000000077ae00000,0x000000077b487348,0x000000077c300000)
Event: 49.001 GC heap after
Heap after GC invocations=10 (full 1):
 PSYoungGen      total 88064K, used 35872K [0x00000007d5500000, 0x00000007de880000, 0x0000000800000000)
  eden space 43520K, 0% used [0x00000007d5500000,0x00000007d5500000,0x00000007d7f80000)
  from space 44544K, 80% used [0x00000007d7f80000,0x00000007da288000,0x00000007dab00000)
  to   space 49152K, 0% used [0x00000007db880000,0x00000007db880000,0x00000007de880000)
 ParOldGen       total 112128K, used 43305K [0x0000000780000000, 0x0000000786d80000, 0x00000007d5500000)
  object space 112128K, 38% used [0x0000000780000000,0x0000000782a4a5b0,0x0000000786d80000)
 PSPermGen       total 21504K, used 6684K [0x000000077ae00000, 0x000000077c300000, 0x0000000780000000)
  object space 21504K, 31% used [0x000000077ae00000,0x000000077b487348,0x000000077c300000)
}

Deoptimization events (9 events):
Event: 1.171 Thread 0x00007fdcdb929000 Uncommon trap: reason=null_check action=make_not_entrant pc=0x0000000106ad679c method=java.util.jar.JarFile.getJarEntry(Ljava/lang/String;)Ljava/util/jar/JarEntry; @ 5
Event: 1.622 Thread 0x00007fdcdb929000 Uncommon trap: reason=unreached action=reinterpret pc=0x0000000106adffcc method=sun.misc.URLClassPath$JarLoader.getResource(Ljava/lang/String;Z)Lsun/misc/Resource; @ 53
Event: 1.623 Thread 0x00007fdcdb929000 Uncommon trap: reason=class_check action=maybe_recompile pc=0x0000000106ade088 method=java.net.URL.<init>(Ljava/net/URL;Ljava/lang/String;Ljava/net/URLStreamHandler;)V @ 504
Event: 1.632 Thread 0x00007fdcdb929000 Uncommon trap: reason=unreached action=reinterpret pc=0x0000000106ad7d24 method=sun.misc.URLClassPath$JarLoader.getResource(Ljava/lang/String;Z)Lsun/misc/Resource; @ 53
Event: 1.632 Thread 0x00007fdcdb929000 Uncommon trap: reason=class_check action=maybe_recompile pc=0x0000000106ade088 method=java.net.URL.<init>(Ljava/net/URL;Ljava/lang/String;Ljava/net/URLStreamHandler;)V @ 504
Event: 1.633 Thread 0x00007fdcdb929000 Uncommon trap: reason=class_check action=maybe_recompile pc=0x0000000106ade088 method=java.net.URL.<init>(Ljava/net/URL;Ljava/lang/String;Ljava/net/URLStreamHandler;)V @ 504
Event: 1.634 Thread 0x00007fdcdb929000 Uncommon trap: reason=class_check action=maybe_recompile pc=0x0000000106ade088 method=java.net.URL.<init>(Ljava/net/URL;Ljava/lang/String;Ljava/net/URLStreamHandler;)V @ 504
Event: 3.127 Thread 0x00007fdcdb929000 Uncommon trap: reason=class_check action=maybe_recompile pc=0x0000000106b03ccc method=java.io.BufferedInputStream.read([BII)I @ 101
Event: 4.830 Thread 0x00007fdcdb929000 Uncommon trap: reason=class_check action=maybe_recompile pc=0x0000000106b03ccc method=java.io.BufferedInputStream.read([BII)I @ 101

Internal exceptions (10 events):
Event: 4.935 Thread 0x00007fdcdb929000 Threw 0x00000007d5857a58 at /HUDSON/workspace/7u-2-build-macosx-x86_64/jdk7u45/229/hotspot/src/share/vm/prims/jvm.cpp:1244
Event: 4.963 Thread 0x00007fdcdb929000 Threw 0x00000007d5874bd8 at /HUDSON/workspace/7u-2-build-macosx-x86_64/jdk7u45/229/hotspot/src/share/vm/prims/jvm.cpp:1244
Event: 4.963 Thread 0x00007fdcdb929000 Threw 0x00000007d5879698 at /HUDSON/workspace/7u-2-build-macosx-x86_64/jdk7u45/229/hotspot/src/share/vm/prims/jvm.cpp:1244
Event: 5.667 Thread 0x00007fdcdb929000 Threw 0x00000007d567c240 at /HUDSON/workspace/7u-2-build-macosx-x86_64/jdk7u45/229/hotspot/src/share/vm/prims/jvm.cpp:1244
Event: 5.668 Thread 0x00007fdcdb929000 Threw 0x00000007d567ff30 at /HUDSON/workspace/7u-2-build-macosx-x86_64/jdk7u45/229/hotspot/src/share/vm/prims/jvm.cpp:1244
Event: 6.117 Thread 0x00007fdcdb929000 Threw 0x00000007d58ed9b0 at /HUDSON/workspace/7u-2-build-macosx-x86_64/jdk7u45/229/hotspot/src/share/vm/prims/jvm.cpp:1244
Event: 51.765 Thread 0x00007fdcdb929000 Threw 0x00000007d6254a28 at /HUDSON/workspace/7u-2-build-macosx-x86_64/jdk7u45/229/hotspot/src/share/vm/prims/jvm.cpp:1244
Event: 51.791 Thread 0x00007fdcdb929000 Threw 0x00000007d626d398 at /HUDSON/workspace/7u-2-build-macosx-x86_64/jdk7u45/229/hotspot/src/share/vm/prims/jvm.cpp:1244
Event: 51.792 Thread 0x00007fdcdb929000 Threw 0x00000007d62717e0 at /HUDSON/workspace/7u-2-build-macosx-x86_64/jdk7u45/229/hotspot/src/share/vm/prims/jvm.cpp:1244
Event: 51.804 Thread 0x00007fdcdb929000 Threw 0x00000007d62763b8 at /HUDSON/workspace/7u-2-build-macosx-x86_64/jdk7u45/229/hotspot/src/share/vm/prims/jvm.cpp:1244

Events (10 events):
Event: 51.765 loading class 0x00007fdcda424c60
Event: 51.765 loading class 0x00007fdcda424c60 done
Event: 51.791 loading class 0x00007fdcda423570
Event: 51.791 loading class 0x00007fdcda423570 done
Event: 51.792 loading class 0x00007fdcda423620
Event: 51.792 loading class 0x00007fdcda423620 done
Event: 51.792 loading class 0x000000010ecface0
Event: 51.793 loading class 0x000000010ecface0 done
Event: 51.804 loading class 0x00007fdcda5914d0
Event: 51.804 loading class 0x00007fdcda5914d0 done


Dynamic libraries:
0x0000000007a62000 	/System/Library/Frameworks/Cocoa.framework/Versions/A/Cocoa
0x0000000007a62000 	/System/Library/Frameworks/Security.framework/Versions/A/Security
0x0000000007a62000 	/System/Library/Frameworks/ApplicationServices.framework/Versions/A/ApplicationServices
0x0000000007a62000 	/usr/lib/libz.1.dylib
0x0000000007a62000 	/usr/lib/libSystem.B.dylib
0x0000000007a62000 	/usr/lib/libobjc.A.dylib
0x0000000007a62000 	/System/Library/Frameworks/CoreFoundation.framework/Versions/A/CoreFoundation
0x0000000007a62000 	/System/Library/Frameworks/Foundation.framework/Versions/C/Foundation
0x0000000007a62000 	/System/Library/Frameworks/AppKit.framework/Versions/C/AppKit
0x0000000007a62000 	/System/Library/Frameworks/CoreData.framework/Versions/A/CoreData
0x0000000007a62000 	/System/Library/PrivateFrameworks/RemoteViewServices.framework/Versions/A/RemoteViewServices
0x0000000007a62000 	/System/Library/PrivateFrameworks/UIFoundation.framework/Versions/A/UIFoundation
0x0000000007a62000 	/System/Library/Frameworks/IOSurface.framework/Versions/A/IOSurface
0x0000000007a62000 	/System/Library/Frameworks/AudioToolbox.framework/Versions/A/AudioToolbox
0x0000000007a62000 	/System/Library/Frameworks/AudioUnit.framework/Versions/A/AudioUnit
0x0000000007a62000 	/System/Library/PrivateFrameworks/DataDetectorsCore.framework/Versions/A/DataDetectorsCore
0x0000000007a62000 	/System/Library/PrivateFrameworks/DesktopServicesPriv.framework/Versions/A/DesktopServicesPriv
0x0000000007a62000 	/System/Library/Frameworks/Carbon.framework/Versions/A/Frameworks/HIToolbox.framework/Versions/A/HIToolbox
0x0000000007a62000 	/System/Library/Frameworks/QuartzCore.framework/Versions/A/QuartzCore
0x0000000007a62000 	/System/Library/Frameworks/Carbon.framework/Versions/A/Frameworks/SpeechRecognition.framework/Versions/A/SpeechRecognition
0x0000000007a62000 	/usr/lib/libauto.dylib
0x0000000007a62000 	/usr/lib/libicucore.A.dylib
0x0000000007a62000 	/usr/lib/libxml2.2.dylib
0x0000000007a62000 	/System/Library/PrivateFrameworks/CoreUI.framework/Versions/A/CoreUI
0x0000000007a62000 	/System/Library/Frameworks/CoreAudio.framework/Versions/A/CoreAudio
0x0000000007a62000 	/System/Library/Frameworks/DiskArbitration.framework/Versions/A/DiskArbitration
0x0000000007a62000 	/usr/lib/liblangid.dylib
0x0000000007a62000 	/System/Library/PrivateFrameworks/MultitouchSupport.framework/Versions/A/MultitouchSupport
0x0000000007a62000 	/System/Library/Frameworks/IOKit.framework/Versions/A/IOKit
0x0000000007a62000 	/usr/lib/libDiagnosticMessagesClient.dylib
0x0000000007a62000 	/System/Library/Frameworks/CoreServices.framework/Versions/A/CoreServices
0x0000000007a62000 	/System/Library/PrivateFrameworks/PerformanceAnalysis.framework/Versions/A/PerformanceAnalysis
0x0000000007a62000 	/System/Library/PrivateFrameworks/GenerationalStorage.framework/Versions/A/GenerationalStorage
0x0000000007a62000 	/System/Library/Frameworks/OpenGL.framework/Versions/A/OpenGL
0x0000000007a62000 	/System/Library/PrivateFrameworks/Sharing.framework/Versions/A/Sharing
0x0000000007a62000 	/System/Library/Frameworks/CoreGraphics.framework/Versions/A/CoreGraphics
0x0000000007a62000 	/System/Library/Frameworks/CoreText.framework/Versions/A/CoreText
0x0000000007a62000 	/System/Library/Frameworks/ImageIO.framework/Versions/A/ImageIO
0x0000000007a62000 	/usr/lib/libextension.dylib
0x0000000007a62000 	/System/Library/PrivateFrameworks/Backup.framework/Versions/A/Backup
0x0000000007a62000 	/usr/lib/libarchive.2.dylib
0x0000000007a62000 	/System/Library/Frameworks/CFNetwork.framework/Versions/A/CFNetwork
0x0000000007a62000 	/System/Library/Frameworks/SystemConfiguration.framework/Versions/A/SystemConfiguration
0x0000000007a62000 	/usr/lib/libCRFSuite.dylib
0x0000000007a62000 	/usr/lib/libc++.1.dylib
0x0000000007a62000 	/usr/lib/libc++abi.dylib
0x0000000007a62000 	/usr/lib/system/libcache.dylib
0x0000000007a62000 	/usr/lib/system/libcommonCrypto.dylib
0x0000000007a62000 	/usr/lib/system/libcompiler_rt.dylib
0x0000000007a62000 	/usr/lib/system/libcopyfile.dylib
0x0000000007a62000 	/usr/lib/system/libcorecrypto.dylib
0x0000000007a62000 	/usr/lib/system/libdispatch.dylib
0x0000000007a62000 	/usr/lib/system/libdyld.dylib
0x0000000007a62000 	/usr/lib/system/libkeymgr.dylib
0x0000000007a62000 	/usr/lib/system/liblaunch.dylib
0x0000000007a62000 	/usr/lib/system/libmacho.dylib
0x0000000007a62000 	/usr/lib/system/libquarantine.dylib
0x0000000007a62000 	/usr/lib/system/libremovefile.dylib
0x0000000007a62000 	/usr/lib/system/libsystem_asl.dylib
0x0000000007a62000 	/usr/lib/system/libsystem_blocks.dylib
0x0000000007a62000 	/usr/lib/system/libsystem_c.dylib
0x0000000007a62000 	/usr/lib/system/libsystem_configuration.dylib
0x0000000007a62000 	/usr/lib/system/libsystem_coreservices.dylib
0x0000000007a62000 	/usr/lib/system/libsystem_coretls.dylib
0x0000000007a62000 	/usr/lib/system/libsystem_dnssd.dylib
0x0000000007a62000 	/usr/lib/system/libsystem_info.dylib
0x0000000007a62000 	/usr/lib/system/libsystem_kernel.dylib
0x0000000007a62000 	/usr/lib/system/libsystem_m.dylib
0x0000000007a62000 	/usr/lib/system/libsystem_malloc.dylib
0x0000000007a62000 	/usr/lib/system/libsystem_network.dylib
0x0000000007a62000 	/usr/lib/system/libsystem_networkextension.dylib
0x0000000007a62000 	/usr/lib/system/libsystem_notify.dylib
0x0000000007a62000 	/usr/lib/system/libsystem_platform.dylib
0x0000000007a62000 	/usr/lib/system/libsystem_pthread.dylib
0x0000000007a62000 	/usr/lib/system/libsystem_sandbox.dylib
0x0000000007a62000 	/usr/lib/system/libsystem_secinit.dylib
0x0000000007a62000 	/usr/lib/system/libsystem_stats.dylib
0x0000000007a62000 	/usr/lib/system/libsystem_trace.dylib
0x0000000007a62000 	/usr/lib/system/libunc.dylib
0x0000000007a62000 	/usr/lib/system/libunwind.dylib
0x0000000007a62000 	/usr/lib/system/libxpc.dylib
0x0000000007a62000 	/usr/lib/libbz2.1.0.dylib
0x0000000007a62000 	/usr/lib/liblzma.5.dylib
0x0000000007a62000 	/usr/lib/libbsm.0.dylib
0x0000000007a62000 	/usr/lib/libsqlite3.dylib
0x0000000007a62000 	/usr/lib/system/libkxld.dylib
0x0000000007a62000 	/usr/lib/libxar.1.dylib
0x0000000007a62000 	/usr/lib/libpam.2.dylib
0x0000000007a62000 	/usr/lib/libOpenScriptingUtil.dylib
0x0000000007a62000 	/System/Library/Frameworks/CoreServices.framework/Versions/A/Frameworks/FSEvents.framework/Versions/A/FSEvents
0x0000000007a62000 	/System/Library/Frameworks/CoreServices.framework/Versions/A/Frameworks/CarbonCore.framework/Versions/A/CarbonCore
0x0000000007a62000 	/System/Library/Frameworks/CoreServices.framework/Versions/A/Frameworks/Metadata.framework/Versions/A/Metadata
0x0000000007a62000 	/System/Library/Frameworks/CoreServices.framework/Versions/A/Frameworks/OSServices.framework/Versions/A/OSServices
0x0000000007a62000 	/System/Library/Frameworks/CoreServices.framework/Versions/A/Frameworks/SearchKit.framework/Versions/A/SearchKit
0x0000000007a62000 	/System/Library/Frameworks/CoreServices.framework/Versions/A/Frameworks/AE.framework/Versions/A/AE
0x0000000007a62000 	/System/Library/Frameworks/CoreServices.framework/Versions/A/Frameworks/LaunchServices.framework/Versions/A/LaunchServices
0x0000000007a62000 	/System/Library/Frameworks/CoreServices.framework/Versions/A/Frameworks/DictionaryServices.framework/Versions/A/DictionaryServices
0x0000000007a62000 	/System/Library/Frameworks/NetFS.framework/Versions/A/NetFS
0x0000000007a62000 	/System/Library/PrivateFrameworks/NetAuth.framework/Versions/A/NetAuth
0x0000000007a62000 	/System/Library/PrivateFrameworks/login.framework/Versions/A/Frameworks/loginsupport.framework/Versions/A/loginsupport
0x0000000007a62000 	/System/Library/PrivateFrameworks/TCC.framework/Versions/A/TCC
0x0000000007a62000 	/usr/lib/libmecabra.dylib
0x0000000007a62000 	/System/Library/Frameworks/ApplicationServices.framework/Versions/A/Frameworks/ATS.framework/Versions/A/ATS
0x0000000007a62000 	/System/Library/Frameworks/ApplicationServices.framework/Versions/A/Frameworks/ColorSync.framework/Versions/A/ColorSync
0x0000000007a62000 	/System/Library/Frameworks/ApplicationServices.framework/Versions/A/Frameworks/HIServices.framework/Versions/A/HIServices
0x0000000007a62000 	/System/Library/Frameworks/ApplicationServices.framework/Versions/A/Frameworks/LangAnalysis.framework/Versions/A/LangAnalysis
0x0000000007a62000 	/System/Library/Frameworks/ApplicationServices.framework/Versions/A/Frameworks/PrintCore.framework/Versions/A/PrintCore
0x0000000007a62000 	/System/Library/Frameworks/ApplicationServices.framework/Versions/A/Frameworks/QD.framework/Versions/A/QD
0x0000000007a62000 	/System/Library/Frameworks/ApplicationServices.framework/Versions/A/Frameworks/SpeechSynthesis.framework/Versions/A/SpeechSynthesis
0x0000000007a62000 	/System/Library/Frameworks/Accelerate.framework/Versions/A/Accelerate
0x0000000007a62000 	/System/Library/Frameworks/Accelerate.framework/Versions/A/Frameworks/vImage.framework/Versions/A/vImage
0x0000000007a62000 	/System/Library/Frameworks/Accelerate.framework/Versions/A/Frameworks/vecLib.framework/Versions/A/vecLib
0x0000000007a62000 	/System/Library/Frameworks/Accelerate.framework/Versions/A/Frameworks/vecLib.framework/Versions/A/libvDSP.dylib
0x0000000007a62000 	/System/Library/Frameworks/Accelerate.framework/Versions/A/Frameworks/vecLib.framework/Versions/A/libvMisc.dylib
0x0000000007a62000 	/System/Library/Frameworks/Accelerate.framework/Versions/A/Frameworks/vecLib.framework/Versions/A/libLAPACK.dylib
0x0000000007a62000 	/System/Library/Frameworks/Accelerate.framework/Versions/A/Frameworks/vecLib.framework/Versions/A/libBLAS.dylib
0x0000000007a62000 	/System/Library/Frameworks/Accelerate.framework/Versions/A/Frameworks/vecLib.framework/Versions/A/libLinearAlgebra.dylib
0x0000000007a62000 	/System/Library/Frameworks/ApplicationServices.framework/Versions/A/Frameworks/ATS.framework/Versions/A/Resources/libFontParser.dylib
0x0000000007a62000 	/System/Library/Frameworks/ApplicationServices.framework/Versions/A/Frameworks/ATS.framework/Versions/A/Resources/libFontRegistry.dylib
0x0000000007a62000 	/System/Library/PrivateFrameworks/AppleVPA.framework/Versions/A/AppleVPA
0x0000000007a62000 	/System/Library/PrivateFrameworks/AppleJPEG.framework/Versions/A/AppleJPEG
0x0000000007a62000 	/System/Library/Frameworks/ImageIO.framework/Versions/A/Resources/libJPEG.dylib
0x0000000007a62000 	/System/Library/Frameworks/ImageIO.framework/Versions/A/Resources/libTIFF.dylib
0x0000000007a62000 	/System/Library/Frameworks/ImageIO.framework/Versions/A/Resources/libPng.dylib
0x0000000007a62000 	/System/Library/Frameworks/ImageIO.framework/Versions/A/Resources/libGIF.dylib
0x0000000007a62000 	/System/Library/Frameworks/ImageIO.framework/Versions/A/Resources/libJP2.dylib
0x0000000007a62000 	/System/Library/Frameworks/ImageIO.framework/Versions/A/Resources/libRadiance.dylib
0x0000000007a62000 	/System/Library/Frameworks/CoreVideo.framework/Versions/A/CoreVideo
0x0000000007a62000 	/System/Library/Frameworks/OpenGL.framework/Versions/A/Libraries/libGLU.dylib
0x0000000007a62000 	/System/Library/Frameworks/OpenGL.framework/Versions/A/Libraries/libGFXShared.dylib
0x0000000007a62000 	/System/Library/Frameworks/OpenGL.framework/Versions/A/Libraries/libGL.dylib
0x0000000007a62000 	/System/Library/Frameworks/OpenGL.framework/Versions/A/Libraries/libGLImage.dylib
0x0000000007a62000 	/System/Library/Frameworks/OpenGL.framework/Versions/A/Libraries/libCVMSPluginSupport.dylib
0x0000000007a62000 	/System/Library/Frameworks/OpenGL.framework/Versions/A/Libraries/libCoreVMClient.dylib
0x0000000007a62000 	/usr/lib/libcups.2.dylib
0x0000000007a62000 	/System/Library/Frameworks/Kerberos.framework/Versions/A/Kerberos
0x0000000007a62000 	/System/Library/Frameworks/GSS.framework/Versions/A/GSS
0x0000000007a62000 	/usr/lib/libresolv.9.dylib
0x0000000007a62000 	/usr/lib/libiconv.2.dylib
0x0000000007a62000 	/System/Library/PrivateFrameworks/Heimdal.framework/Versions/A/Heimdal
0x0000000007a62000 	/usr/lib/libheimdal-asn1.dylib
0x0000000007a62000 	/System/Library/Frameworks/OpenDirectory.framework/Versions/A/OpenDirectory
0x0000000007a62000 	/System/Library/PrivateFrameworks/CommonAuth.framework/Versions/A/CommonAuth
0x0000000007a62000 	/System/Library/Frameworks/OpenDirectory.framework/Versions/A/Frameworks/CFOpenDirectory.framework/Versions/A/CFOpenDirectory
0x0000000007a62000 	/System/Library/Frameworks/SecurityFoundation.framework/Versions/A/SecurityFoundation
0x0000000007a62000 	/System/Library/PrivateFrameworks/LanguageModeling.framework/Versions/A/LanguageModeling
0x0000000007a62000 	/usr/lib/libcmph.dylib
0x0000000007a62000 	/System/Library/Frameworks/ServiceManagement.framework/Versions/A/ServiceManagement
0x0000000007a62000 	/usr/lib/libxslt.1.dylib
0x0000000007a62000 	/System/Library/Frameworks/Carbon.framework/Versions/A/Frameworks/Ink.framework/Versions/A/Ink
0x0000000007a62000 	/System/Library/Frameworks/QuartzCore.framework/Versions/A/Frameworks/CoreImage.framework/Versions/A/CoreImage
0x0000000007a62000 	/System/Library/PrivateFrameworks/CrashReporterSupport.framework/Versions/A/CrashReporterSupport
0x0000000007a62000 	/System/Library/Frameworks/OpenCL.framework/Versions/A/OpenCL
0x0000000007a62000 	/System/Library/PrivateFrameworks/FaceCore.framework/Versions/A/FaceCore
0x0000000007a62000 	/System/Library/PrivateFrameworks/Ubiquity.framework/Versions/A/Ubiquity
0x0000000007a62000 	/System/Library/PrivateFrameworks/IconServices.framework/Versions/A/IconServices
0x0000000007a62000 	/System/Library/PrivateFrameworks/ChunkingLibrary.framework/Versions/A/ChunkingLibrary
0x0000000007a62000 	/System/Library/PrivateFrameworks/Apple80211.framework/Versions/A/Apple80211
0x0000000007a62000 	/System/Library/Frameworks/CoreWLAN.framework/Versions/A/CoreWLAN
0x0000000007a62000 	/System/Library/Frameworks/IOBluetooth.framework/Versions/A/IOBluetooth
0x0000000007a62000 	/System/Library/PrivateFrameworks/CoreWiFi.framework/Versions/A/CoreWiFi
0x0000000007a62000 	/System/Library/Frameworks/CoreBluetooth.framework/Versions/A/CoreBluetooth
0x0000000007a62000 	/System/Library/PrivateFrameworks/DebugSymbols.framework/Versions/A/DebugSymbols
0x0000000007a62000 	/System/Library/PrivateFrameworks/CoreSymbolication.framework/Versions/A/CoreSymbolication
0x0000000007a62000 	/System/Library/PrivateFrameworks/Symbolication.framework/Versions/A/Symbolication
0x0000000007a62000 	/System/Library/PrivateFrameworks/SpeechRecognitionCore.framework/Versions/A/SpeechRecognitionCore
0x0000000106000000 	/Library/Java/JavaVirtualMachines/jdk1.7.0_45.jdk/Contents/Home/jre/lib/server/libjvm.dylib
0x0000000007a62000 	/usr/lib/libstdc++.6.dylib
0x0000000105743000 	/Library/Java/JavaVirtualMachines/jdk1.7.0_45.jdk/Contents/Home/jre/lib/libverify.dylib
0x0000000105750000 	/Library/Java/JavaVirtualMachines/jdk1.7.0_45.jdk/Contents/Home/jre/lib/libjava.dylib
0x000000010578a000 	/Library/Java/JavaVirtualMachines/jdk1.7.0_45.jdk/Contents/Home/jre/lib/libzip.dylib
0x00000001057e7000 	/System/Library/Frameworks/JavaVM.framework/Frameworks/JavaRuntimeSupport.framework/JavaRuntimeSupport
0x000000011026b000 	/System/Library/Frameworks/JavaVM.framework/Versions/A/Frameworks/JavaNativeFoundation.framework/Versions/A/JavaNativeFoundation
0x000000011027f000 	/System/Library/Frameworks/JavaVM.framework/Versions/A/JavaVM
0x0000000007a62000 	/System/Library/Frameworks/Carbon.framework/Versions/A/Carbon
0x000000011028b000 	/System/Library/PrivateFrameworks/JavaLaunching.framework/Versions/A/JavaLaunching
0x0000000007a62000 	/System/Library/Frameworks/Carbon.framework/Versions/A/Frameworks/CommonPanels.framework/Versions/A/CommonPanels
0x0000000007a62000 	/System/Library/Frameworks/Carbon.framework/Versions/A/Frameworks/Help.framework/Versions/A/Help
0x0000000007a62000 	/System/Library/Frameworks/Carbon.framework/Versions/A/Frameworks/ImageCapture.framework/Versions/A/ImageCapture
0x0000000007a62000 	/System/Library/Frameworks/Carbon.framework/Versions/A/Frameworks/OpenScripting.framework/Versions/A/OpenScripting
0x0000000007a62000 	/System/Library/Frameworks/Carbon.framework/Versions/A/Frameworks/Print.framework/Versions/A/Print
0x0000000007a62000 	/System/Library/Frameworks/Carbon.framework/Versions/A/Frameworks/SecurityHI.framework/Versions/A/SecurityHI
0x00000001120d8000 	/private/var/folders/p5/g29h5nqx64q7897bh9g_v9jc0000gn/T/libgdxKeli/d8ae55ed/libgdx64.dylib
0x000000011212d000 	/Library/Java/JavaVirtualMachines/jdk1.7.0_45.jdk/Contents/Home/jre/lib/libawt.dylib
0x00000001121dc000 	/Library/Java/JavaVirtualMachines/jdk1.7.0_45.jdk/Contents/Home/jre/lib/./libmlib_image.dylib
0x00000001122a8000 	/Library/Java/JavaVirtualMachines/jdk1.7.0_45.jdk/Contents/Home/jre/lib/lwawt/liblwawt.dylib
0x000000011235c000 	/Library/Java/JavaVirtualMachines/jdk1.7.0_45.jdk/Contents/Home/jre/lib/libosxapp.dylib
0x0000000007a62000 	/System/Library/Frameworks/ExceptionHandling.framework/Versions/A/ExceptionHandling
0x0000000007a62000 	/System/Library/PrivateFrameworks/CoreServicesInternal.framework/Versions/A/CoreServicesInternal
0x0000000007a62000 	/System/Library/PrivateFrameworks/CloudDocs.framework/Versions/A/CloudDocs
0x0000000007a62000 	/System/Library/PrivateFrameworks/CoreDuet.framework/Versions/A/CoreDuet
0x0000000007a62000 	/System/Library/Frameworks/CloudKit.framework/Versions/A/CloudKit
0x0000000007a62000 	/System/Library/PrivateFrameworks/ProtocolBuffer.framework/Versions/A/ProtocolBuffer
0x0000000007a62000 	/System/Library/PrivateFrameworks/CoreDuetDaemonProtocol.framework/Versions/A/CoreDuetDaemonProtocol
0x0000000007a62000 	/System/Library/PrivateFrameworks/CoreDuetDebugLogging.framework/Versions/A/CoreDuetDebugLogging
0x0000000007a62000 	/System/Library/PrivateFrameworks/MMCS.framework/Versions/A/MMCS
0x0000000007a62000 	/System/Library/Frameworks/CoreLocation.framework/Versions/A/CoreLocation
0x0000000007a62000 	/System/Library/PrivateFrameworks/ProtectedCloudStorage.framework/Versions/A/ProtectedCloudStorage
0x0000000007a62000 	/System/Library/PrivateFrameworks/GeoServices.framework/Versions/A/GeoServices
0x0000000007a62000 	/System/Library/Frameworks/CoreGraphics.framework/Versions/A/Resources/libCGCMS.A.dylib
0x0000000007a62000 	/System/Library/Frameworks/CoreGraphics.framework/Versions/A/Resources/libRIP.A.dylib
0x0000000007a62000 	/System/Library/Frameworks/CoreGraphics.framework/Versions/A/Resources/libCGXType.A.dylib
0x0000000007a62000 	/System/Library/Frameworks/OpenCL.framework/Versions/A/Libraries/libcldcpuengine.dylib
0x0000000007a62000 	/System/Library/PrivateFrameworks/DiskImages.framework/Versions/A/DiskImages
0x0000000007a62000 	/System/Library/Frameworks/DiscRecording.framework/Versions/A/DiscRecording
0x0000000007a62000 	/usr/lib/libcsfde.dylib
0x0000000007a62000 	/usr/lib/libcurl.4.dylib
0x0000000007a62000 	/System/Library/PrivateFrameworks/MediaKit.framework/Versions/A/MediaKit
0x0000000007a62000 	/usr/lib/libCoreStorage.dylib
0x0000000007a62000 	/System/Library/PrivateFrameworks/EFILogin.framework/Versions/A/EFILogin
0x0000000007a62000 	/usr/lib/libutil.dylib
0x0000000007a62000 	/System/Library/PrivateFrameworks/FindMyDevice.framework/Versions/A/FindMyDevice
0x0000000007a62000 	/System/Library/Frameworks/LDAP.framework/Versions/A/LDAP
0x0000000007a62000 	/usr/lib/libsasl2.2.dylib
0x0000000007a62000 	/System/Library/PrivateFrameworks/CoreDaemon.framework/Versions/B/CoreDaemon
0x0000000007a62000 	/usr/lib/libcrypto.0.9.8.dylib
0x0000000007a62000 	/System/Library/PrivateFrameworks/AppleSRP.framework/Versions/A/AppleSRP
0x0000000007a62000 	/System/Library/PrivateFrameworks/TrustEvaluationAgent.framework/Versions/A/TrustEvaluationAgent
0x00000001156ed000 	cl_kernels
0x00000001156ef000 	/System/Library/Frameworks/OpenCL.framework/Versions/A/Libraries/ImageFormats/unorm8_bgra.dylib
0x00000001156df000 	cl_kernels
0x0000000007a62000 	/System/Library/PrivateFrameworks/FamilyControls.framework/Versions/A/FamilyControls
0x0000000007a62000 	/System/Library/PrivateFrameworks/CommerceKit.framework/Versions/A/Frameworks/CommerceCore.framework/Versions/A/CommerceCore
0x0000000007a62000 	/System/Library/PrivateFrameworks/SystemAdministration.framework/Versions/A/SystemAdministration
0x0000000007a62000 	/System/Library/PrivateFrameworks/AppContainer.framework/Versions/A/AppContainer
0x0000000007a62000 	/System/Library/PrivateFrameworks/SecCodeWrapper.framework/Versions/A/SecCodeWrapper
0x0000000007a62000 	/System/Library/Frameworks/DirectoryService.framework/Versions/A/DirectoryService
0x0000000007a62000 	/System/Library/PrivateFrameworks/LoginUIKit.framework/Versions/A/Frameworks/LoginUICore.framework/Versions/A/LoginUICore
0x0000000007a62000 	/usr/lib/libodfde.dylib
0x0000000116927000 	/Library/Java/JavaVirtualMachines/jdk1.7.0_45.jdk/Contents/Home/jre/lib/libfontmanager.dylib
0x000000011698b000 	/private/var/folders/p5/g29h5nqx64q7897bh9g_v9jc0000gn/T/libgdxKeli/f7649394/liblwjgl.dylib
0x0000000114b39000 	/Library/Java/JavaVirtualMachines/jdk1.7.0_45.jdk/Contents/Home/jre/lib/libjawt.dylib
0x0000000116a0d000 	/var/folders/p5/g29h5nqx64q7897bh9g_v9jc0000gn/T/libgdxKeli/f7649394/openal.dylib
0x0000000116a7c000 	/System/Library/Components/CoreAudio.component/Contents/MacOS/CoreAudio
0x0000000114b51000 	/System/Library/Extensions/AppleHDA.kext/Contents/PlugIns/AppleHDAHALPlugIn.bundle/Contents/MacOS/AppleHDAHALPlugIn
0x0000000007a62000 	/System/Library/Frameworks/OpenGL.framework/Versions/A/Resources/GLEngine.bundle/GLEngine
0x0000000007a62000 	/System/Library/Frameworks/OpenGL.framework/Versions/A/Libraries/libGLProgrammability.dylib
0x0000000116f44000 	/System/Library/Extensions/AppleIntelHD4000GraphicsGLDriver.bundle/Contents/MacOS/AppleIntelHD4000GraphicsGLDriver
0x0000000007a62000 	/System/Library/PrivateFrameworks/IOAccelerator.framework/Versions/A/IOAccelerator
0x0000000007a62000 	/System/Library/PrivateFrameworks/GPUSupport.framework/Versions/A/Libraries/libGPUSupportMercury.dylib
0x0000000007a62000 	/System/Library/Frameworks/OpenGL.framework/Versions/A/Resources/GLRendererFloat.bundle/GLRendererFloat

VM Arguments:
jvm_args: -Dfile.encoding=UTF-8 
java_command: com.ru.tgra.lab1.desktop.DesktopLauncher
Launcher Type: SUN_STANDARD

Environment Variables:
PATH=/usr/bin:/bin:/usr/sbin:/sbin
SHELL=/bin/bash

Signal Handlers:
SIGSEGV: [libjvm.dylib+0x525415], sa_mask[0]=0xfffefeff, sa_flags=0x00000043
SIGBUS: [libjvm.dylib+0x525415], sa_mask[0]=0xfffefeff, sa_flags=0x00000042
SIGFPE: [libjvm.dylib+0x41891a], sa_mask[0]=0xfffefeff, sa_flags=0x00000042
SIGPIPE: [libjvm.dylib+0x41891a], sa_mask[0]=0xfffefeff, sa_flags=0x00000042
SIGXFSZ: [libjvm.dylib+0x41891a], sa_mask[0]=0xfffefeff, sa_flags=0x00000042
SIGILL: [libjvm.dylib+0x41891a], sa_mask[0]=0xfffefeff, sa_flags=0x00000042
SIGUSR1: SIG_DFL, sa_mask[0]=0x00000000, sa_flags=0x00000000
SIGUSR2: [libjvm.dylib+0x41840c], sa_mask[0]=0x00000004, sa_flags=0x00000042
SIGHUP: [libjvm.dylib+0x41669b], sa_mask[0]=0xfffefeff, sa_flags=0x00000042
SIGINT: [libjvm.dylib+0x41669b], sa_mask[0]=0xfffefeff, sa_flags=0x00000042
SIGTERM: [libjvm.dylib+0x41669b], sa_mask[0]=0xfffefeff, sa_flags=0x00000042
SIGQUIT: [libjvm.dylib+0x41669b], sa_mask[0]=0xfffefeff, sa_flags=0x00000042


---------------  S Y S T E M  ---------------

OS:Bsduname:Darwin 14.5.0 Darwin Kernel Version 14.5.0: Wed Jul 29 02:26:53 PDT 2015; root:xnu-2782.40.9~1/RELEASE_X86_64 x86_64
rlimit: STACK 8192k, CORE 0k, NPROC 709, NOFILE 10240, AS infinity
load average:1.66 1.69 1.65

CPU:total 4 (2 cores per cpu, 2 threads per core) family 6 model 58 stepping 9, cmov, cx8, fxsr, mmx, sse, sse2, sse3, ssse3, sse4.1, sse4.2, popcnt, avx, aes, erms, ht, tsc, tscinvbit, tscinv

Memory: 4k page, physical 8388608k(2097152k free)

/proc/meminfo:


vm_info: Java HotSpot(TM) 64-Bit Server VM (24.45-b08) for bsd-amd64 JRE (1.7.0_45-b18), built on Oct  8 2013 05:54:16 by "java_re" with gcc 4.2.1 (Based on Apple Inc. build 5658) (LLVM build 2336.11.00)

time: Wed Oct 14 23:06:31 2015
elapsed time: 51 seconds

