#
# A fatal error has been detected by the Java Runtime Environment:
#
#  SIGSEGV (0xb) at pc=0x00007fff959550dd, pid=529, tid=1811
#
# JRE version: Java(TM) SE Runtime Environment (7.0_45-b18) (build 1.7.0_45-b18)
# Java VM: Java HotSpot(TM) 64-Bit Server VM (24.45-b08 mixed mode bsd-amd64 compressed oops)
# Problematic frame:
# C  [libobjc.A.dylib+0x10dd]  objc_msgSend+0x1d
#
# Failed to write core dump. Core dumps have been disabled. To enable core dumping, try "ulimit -c unlimited" before starting Java again
#
# If you would like to submit a bug report, please visit:
#   http://bugreport.sun.com/bugreport/crash.jsp
# The crash happened outside the Java Virtual Machine in native code.
# See problematic frame for where to report the bug.
#

---------------  T H R E A D  ---------------

Current thread (0x00007fc67b136000):  JavaThread "AppKit Thread" daemon [_thread_in_native, id=1811, stack(0x00007fff5f93b000,0x00007fff5f9bb000)]

siginfo:si_signo=SIGSEGV: si_errno=0, si_code=1 (SEGV_MAPERR), si_addr=0x000007fc67cf3920

Registers:
RAX=0x00007fc67a71dea0, RBX=0x00007fff5f9b60f8, RCX=0x0000000000000000, RDX=0x00007fc67cf320c0
RSP=0x00007fff5f9b5f18, RBP=0x00007fff5f9b5f20, RSI=0x00007fff9380e41e, RDI=0x00007fc67a71dea0
R8 =0x00007fff5f9b5f00, R9 =0x0000000000000059, R10=0x00007fff9380e41e, R11=0x000007fc67cf3908
R12=0x00007fc67a41ea50, R13=0x00000000000f430b, R14=0x00007fc67cf71710, R15=0x00007fff5f9b6058
RIP=0x00007fff959550dd, EFLAGS=0x0000000000010202, ERR=0x0000000000000004
  TRAPNO=0x000000000000000e

Top of Stack: (sp=0x00007fff5f9b5f18)
0x00007fff5f9b5f18:   00007fff8d7b945c 00007fff5f9b6280
0x00007fff5f9b5f28:   00007fff8d6a9634 00007fff5f9b5fac
0x00007fff5f9b5f38:   00007fff5f9b5fb0 00007fff5f9b5fb4
0x00007fff5f9b5f48:   00007fff778e5e00 ffffffffffffffff
0x00007fff5f9b5f58:   0000000000000858 00007fff778e5e18
0x00007fff5f9b5f68:   00007fc67cf71710 0000000000000000
0x00007fff5f9b5f78:   00007fff5f9b6050 0000000000000000
0x00007fff5f9b5f88:   00007fc67a412150 00007fff5f9b60d0
0x00007fff5f9b5f98:   0000000000000059 00000000000f430d
0x00007fff5f9b5fa8:   00007fc67cf320c0 00007fc67a478a80
0x00007fff5f9b5fb8:   00007fc67a41ea50 0000000000000001
0x00007fff5f9b5fc8:   00000000000f430b 00007fc67a41ea40
0x00007fff5f9b5fd8:   00007fff89a2ac05 000000017a59c710
0x00007fff5f9b5fe8:   00007fff796f70d0 0000000042000000
0x00007fff5f9b5ff8:   00007fff89a31e63 00007fff778b0240
0x00007fff5f9b6008:   00007fff5f9b60d8 00007fff5f9b6030
0x00007fff5f9b6018:   00007fff5f9b6050 0000000000000000
0x00007fff5f9b6028:   0000000000000026 0002250300000001
0x00007fff5f9b6038:   00007fc67a41ea74 0000000000000000
0x00007fff5f9b6048:   0000000000000000 00007fc67a444350
0x00007fff5f9b6058:   00007fc67cf71710 0000002000000000
0x00007fff5f9b6068:   0000000000000000 00007fff796f70d0
0x00007fff5f9b6078:   0000000042000000 00007fff89a314f8
0x00007fff5f9b6088:   00007fff778b0350 00007fff5f9b5fe8
0x00007fff5f9b6098:   0000000000000000 00007fff5f9b6168
0x00007fff5f9b60a8:   00007fff78de3ea0 00007fff5f9b61a0
0x00007fff5f9b60b8:   00007fff8f0d0770 00007fff5f9b6150
0x00007fff5f9b60c8:   00007fff92f424ed 0000000000000055
0x00007fff5f9b60d8:   0000000000000000 00000000000f4305
0x00007fff5f9b60e8:   0000000000000057 0000000000000000
0x00007fff5f9b60f8:   00000000000f430b 00007fff5f9b6174
0x00007fff5f9b6108:   0000000000462a01 00000000ffffffff 

Instructions: (pc=0x00007fff959550dd)
0x00007fff959550bd:   00 00 00 48 85 ff 2e 74 7a 40 f6 c7 01 2e 75 7e
0x00007fff959550cd:   49 bb f8 ff ff ff ff 7f 00 00 4c 23 1f 49 89 f2
0x00007fff959550dd:   45 23 53 18 49 c1 e2 04 4d 03 53 10 49 3b 32 75
0x00007fff959550ed:   04 41 ff 62 08 49 83 3a 00 74 6a 4d 3b 53 10 74 

Register to memory mapping:

RAX=0x00007fc67a71dea0 is an unknown value
RBX=0x00007fff5f9b60f8 is pointing into the stack for thread: 0x00007fc67b136000
RCX=0x0000000000000000 is an unknown value
RDX=0x00007fc67cf320c0 is an unknown value
RSP=0x00007fff5f9b5f18 is pointing into the stack for thread: 0x00007fc67b136000
RBP=0x00007fff5f9b5f20 is pointing into the stack for thread: 0x00007fc67b136000
RSI=0x00007fff9380e41e: -[NSTitlebarContainerView transparent]+0x5e312 in /System/Library/Frameworks/AppKit.framework/Versions/C/AppKit at 0x00007fff92e0d000
RDI=0x00007fc67a71dea0 is an unknown value
R8 =0x00007fff5f9b5f00 is pointing into the stack for thread: 0x00007fc67b136000
R9 =0x0000000000000059 is an unknown value
R10=0x00007fff9380e41e: -[NSTitlebarContainerView transparent]+0x5e312 in /System/Library/Frameworks/AppKit.framework/Versions/C/AppKit at 0x00007fff92e0d000
R11=0x000007fc67cf3908 is an unknown value
R12=0x00007fc67a41ea50 is an unknown value
R13=0x00000000000f430b is an unknown value
R14=0x00007fc67cf71710 is an unknown value
R15=0x00007fff5f9b6058 is pointing into the stack for thread: 0x00007fc67b136000


Stack: [0x00007fff5f93b000,0x00007fff5f9bb000],  sp=0x00007fff5f9b5f18,  free space=491k
Native frames: (J=compiled Java code, j=interpreted, Vv=VM code, C=native code)
C  [libobjc.A.dylib+0x10dd]  objc_msgSend+0x1d
C  [CoreFoundation+0x10634]  _CFXNotificationPost+0xc44
C  [Foundation+0x7aa1]  -[NSNotificationCenter postNotificationName:object:userInfo:]+0x42
C  [AppKit+0x439c2]  -[NSSurface _disposeSurface]+0x98
C  [AppKit+0x43426]  -[NSSurface setWindow:]+0x42
C  [AppKit+0x33910]  -[NSView _setWindow:]+0xa33
C  [AppKit+0x6af91]  -[NSView removeFromSuperview]+0x1c5
C  [AppKit+0x14bd99]  -[NSView removeFromSuperviewWithoutNeedingDisplay]+0x26
C  [liblwjgl.dylib+0xa205]  +[MacOSXKeyableWindow destroyWindow]+0xb5
C  [Foundation+0x92dd0]  __NSThreadPerformPerform+0x125
C  [CoreFoundation+0x80a01]  __CFRUNLOOP_IS_CALLING_OUT_TO_A_SOURCE0_PERFORM_FUNCTION__+0x11
C  [CoreFoundation+0x72b8d]  __CFRunLoopDoSources0+0x10d
C  [CoreFoundation+0x721bf]  __CFRunLoopRun+0x39f
C  [CoreFoundation+0x71bd8]  CFRunLoopRunSpecific+0x128
C  [HIToolbox+0x3256f]  RunCurrentEventLoopInMode+0xeb
C  [HIToolbox+0x322ea]  ReceiveNextEventCommon+0x1af
C  [HIToolbox+0x3212b]  _BlockUntilNextEventMatchingListInModeWithFilter+0x47
C  [AppKit+0x918ab]  _DPSNextEvent+0x3d2
C  [AppKit+0x90e58]  -[NSApplication nextEventMatchingMask:untilDate:inMode:dequeue:]+0x15a
C  [libosxapp.dylib+0x16f4]  -[NSApplicationAWT nextEventMatchingMask:untilDate:inMode:dequeue:]+0x7c
C  [AppKit+0x86af3]  -[NSApplication run]+0x252
C  [libosxapp.dylib+0x1557]  +[NSApplicationAWT runAWTLoopWithApp:]+0x9c
C  [liblwawt.dylib+0xdba9]  -[AWTStarter starter:]+0x369
C  [Foundation+0x92dd0]  __NSThreadPerformPerform+0x125
C  [CoreFoundation+0x80a01]  __CFRUNLOOP_IS_CALLING_OUT_TO_A_SOURCE0_PERFORM_FUNCTION__+0x11
C  [CoreFoundation+0x72b8d]  __CFRunLoopDoSources0+0x10d
C  [CoreFoundation+0x721bf]  __CFRunLoopRun+0x39f
C  [CoreFoundation+0x71bd8]  CFRunLoopRunSpecific+0x128
C  [java+0x73b0]  CreateExecutionEnvironment+0x367
C  [java+0x1b5c]  JLI_Launch+0x7a0
C  [java+0x770d]  main+0x65
C  [java+0x13b4]  start+0x34


---------------  P R O C E S S  ---------------

Java Threads: ( => current thread )
  0x00007fc67a9f5800 JavaThread "AWT-Shutdown" [_thread_blocked, id=65075, stack(0x00000001142ae000,0x00000001143ae000)]
  0x00007fc67b18d000 JavaThread "DestroyJavaVM" [_thread_blocked, id=4867, stack(0x0000000101654000,0x0000000101754000)]
  0x00007fc67b114800 JavaThread "LWJGL Application" [_thread_in_native, id=62211, stack(0x0000000111b71000,0x0000000111c71000)]
=>0x00007fc67b136000 JavaThread "AppKit Thread" daemon [_thread_in_native, id=1811, stack(0x00007fff5f93b000,0x00007fff5f9bb000)]
  0x00007fc67c022000 JavaThread "Service Thread" daemon [_thread_blocked, id=17667, stack(0x000000010cb9c000,0x000000010cc9c000)]
  0x00007fc67c021000 JavaThread "C2 CompilerThread1" daemon [_thread_blocked, id=17155, stack(0x000000010ca99000,0x000000010cb99000)]
  0x00007fc67b834000 JavaThread "C2 CompilerThread0" daemon [_thread_blocked, id=16643, stack(0x000000010c996000,0x000000010ca96000)]
  0x00007fc67c01e800 JavaThread "Signal Dispatcher" daemon [_thread_blocked, id=13331, stack(0x000000010c893000,0x000000010c993000)]
  0x00007fc67b82d000 JavaThread "Finalizer" daemon [_thread_blocked, id=11523, stack(0x000000010ae6c000,0x000000010af6c000)]
  0x00007fc67c010000 JavaThread "Reference Handler" daemon [_thread_blocked, id=11011, stack(0x000000010ad69000,0x000000010ae69000)]

Other Threads:
  0x00007fc67b019800 VMThread [stack: 0x000000010ac66000,0x000000010ad66000] [id=10499]
  0x00007fc67c01f800 WatcherThread [stack: 0x000000010cc9f000,0x000000010cd9f000] [id=18179]

VM state:not at safepoint (normal execution)

VM Mutex/Monitor currently owned by a thread: None

Heap
 PSYoungGen      total 38912K, used 14924K [0x00000007d5500000, 0x00000007d8000000, 0x0000000800000000)
  eden space 33792K, 38% used [0x00000007d5500000,0x00000007d618b200,0x00000007d7600000)
  from space 5120K, 40% used [0x00000007d7b00000,0x00000007d7d08020,0x00000007d8000000)
  to   space 5120K, 0% used [0x00000007d7600000,0x00000007d7600000,0x00000007d7b00000)
 ParOldGen       total 87040K, used 58434K [0x0000000780000000, 0x0000000785500000, 0x00000007d5500000)
  object space 87040K, 67% used [0x0000000780000000,0x0000000783910a30,0x0000000785500000)
 PSPermGen       total 21504K, used 6665K [0x000000077ae00000, 0x000000077c300000, 0x0000000780000000)
  object space 21504K, 30% used [0x000000077ae00000,0x000000077b482700,0x000000077c300000)

Card table byte_map: [0x0000000104816000,0x0000000104c40000] byte_map_base: 0x0000000100c3f000

Polling page: 0x0000000100397000

Code Cache  [0x0000000101756000, 0x00000001019c6000, 0x0000000104756000)
 total_blobs=523 nmethods=202 adapters=276 free_code_cache=48069Kb largest_free_block=49193600

Compilation events (10 events):
Event: 4.154 Thread 0x00007fc67b834000 nmethod 193 0x0000000101868250 code [0x00000001018684c0, 0x0000000101868e70]
Event: 4.154 Thread 0x00007fc67b834000  197             org.lwjgl.opengl.StateTracker::getElementArrayBufferBound (38 bytes)
Event: 4.157 Thread 0x00007fc67c021000 nmethod 196 0x0000000101867cd0 code [0x0000000101867e40, 0x0000000101867fa8]
Event: 4.158 Thread 0x00007fc67b834000 nmethod 197 0x0000000101832650 code [0x00000001018327c0, 0x0000000101832908]
Event: 4.268 Thread 0x00007fc67c021000  199             com.ru.tgra.shapes.SphereGraphic::drawSolidSphere (80 bytes)
Event: 4.269 Thread 0x00007fc67b834000  200             com.badlogic.gdx.backends.lwjgl.LwjglGL20::glDrawArrays (7 bytes)
Event: 4.271 Thread 0x00007fc67b834000 nmethod 200 0x0000000101867850 code [0x00000001018679a0, 0x0000000101867ae8]
Event: 4.271 Thread 0x00007fc67b834000  201             org.lwjgl.opengl.GL11::glDrawArrays (24 bytes)
Event: 4.273 Thread 0x00007fc67b834000 nmethod 201 0x0000000101855390 code [0x00000001018554e0, 0x00000001018555e8]
Event: 4.278 Thread 0x00007fc67c021000 nmethod 199 0x000000010186a2d0 code [0x000000010186a500, 0x000000010186ad68]

GC Heap History (4 events):
Event: 2.200 GC heap before
{Heap before GC invocations=1 (full 0):
 PSYoungGen      total 38912K, used 32768K [0x00000007d5500000, 0x00000007d8000000, 0x0000000800000000)
  eden space 33792K, 96% used [0x00000007d5500000,0x00000007d7500290,0x00000007d7600000)
  from space 5120K, 0% used [0x00000007d7b00000,0x00000007d7b00000,0x00000007d8000000)
  to   space 5120K, 0% used [0x00000007d7600000,0x00000007d7600000,0x00000007d7b00000)
 ParOldGen       total 87040K, used 0K [0x0000000780000000, 0x0000000785500000, 0x00000007d5500000)
  object space 87040K, 0% used [0x0000000780000000,0x0000000780000000,0x0000000785500000)
 PSPermGen       total 21504K, used 6575K [0x000000077ae00000, 0x000000077c300000, 0x0000000780000000)
  object space 21504K, 30% used [0x000000077ae00000,0x000000077b46bde0,0x000000077c300000)
Event: 2.208 GC heap after
Heap after GC invocations=1 (full 0):
 PSYoungGen      total 38912K, used 3530K [0x00000007d5500000, 0x00000007d8000000, 0x0000000800000000)
  eden space 33792K, 0% used [0x00000007d5500000,0x00000007d5500000,0x00000007d7600000)
  from space 5120K, 68% used [0x00000007d7600000,0x00000007d79729f8,0x00000007d7b00000)
  to   space 5120K, 0% used [0x00000007d7b00000,0x00000007d7b00000,0x00000007d8000000)
 ParOldGen       total 87040K, used 40K [0x0000000780000000, 0x0000000785500000, 0x00000007d5500000)
  object space 87040K, 0% used [0x0000000780000000,0x000000078000a010,0x0000000785500000)
 PSPermGen       total 21504K, used 6575K [0x000000077ae00000, 0x000000077c300000, 0x0000000780000000)
  object space 21504K, 30% used [0x000000077ae00000,0x000000077b46bde0,0x000000077c300000)
}
Event: 3.858 GC heap before
{Heap before GC invocations=2 (full 0):
 PSYoungGen      total 38912K, used 37322K [0x00000007d5500000, 0x00000007d8000000, 0x0000000800000000)
  eden space 33792K, 100% used [0x00000007d5500000,0x00000007d7600000,0x00000007d7600000)
  from space 5120K, 68% used [0x00000007d7600000,0x00000007d79729f8,0x00000007d7b00000)
  to   space 5120K, 0% used [0x00000007d7b00000,0x00000007d7b00000,0x00000007d8000000)
 ParOldGen       total 87040K, used 58426K [0x0000000780000000, 0x0000000785500000, 0x00000007d5500000)
  object space 87040K, 67% used [0x0000000780000000,0x000000078390ea30,0x0000000785500000)
 PSPermGen       total 21504K, used 6645K [0x000000077ae00000, 0x000000077c300000, 0x0000000780000000)
  object space 21504K, 30% used [0x000000077ae00000,0x000000077b47d418,0x000000077c300000)
Event: 3.862 GC heap after
Heap after GC invocations=2 (full 0):
 PSYoungGen      total 38912K, used 2080K [0x00000007d5500000, 0x00000007d8000000, 0x0000000800000000)
  eden space 33792K, 0% used [0x00000007d5500000,0x00000007d5500000,0x00000007d7600000)
  from space 5120K, 40% used [0x00000007d7b00000,0x00000007d7d08020,0x00000007d8000000)
  to   space 5120K, 0% used [0x00000007d7600000,0x00000007d7600000,0x00000007d7b00000)
 ParOldGen       total 87040K, used 58434K [0x0000000780000000, 0x0000000785500000, 0x00000007d5500000)
  object space 87040K, 67% used [0x0000000780000000,0x0000000783910a30,0x0000000785500000)
 PSPermGen       total 21504K, used 6645K [0x000000077ae00000, 0x000000077c300000, 0x0000000780000000)
  object space 21504K, 30% used [0x000000077ae00000,0x000000077b47d418,0x000000077c300000)
}

Deoptimization events (8 events):
Event: 1.369 Thread 0x00007fc67b114800 Uncommon trap: reason=null_check action=make_not_entrant pc=0x00000001017d4bdc method=java.util.jar.JarFile.getJarEntry(Ljava/lang/String;)Ljava/util/jar/JarEntry; @ 5
Event: 1.786 Thread 0x00007fc67b114800 Uncommon trap: reason=unreached action=reinterpret pc=0x00000001017e464c method=sun.misc.URLClassPath$JarLoader.getResource(Ljava/lang/String;Z)Lsun/misc/Resource; @ 53
Event: 1.786 Thread 0x00007fc67b114800 Uncommon trap: reason=class_check action=maybe_recompile pc=0x00000001017df708 method=java.net.URL.<init>(Ljava/net/URL;Ljava/lang/String;Ljava/net/URLStreamHandler;)V @ 504
Event: 1.796 Thread 0x00007fc67b114800 Uncommon trap: reason=unreached action=reinterpret pc=0x00000001017dc3a4 method=sun.misc.URLClassPath$JarLoader.getResource(Ljava/lang/String;Z)Lsun/misc/Resource; @ 53
Event: 1.796 Thread 0x00007fc67b114800 Uncommon trap: reason=class_check action=maybe_recompile pc=0x00000001017df708 method=java.net.URL.<init>(Ljava/net/URL;Ljava/lang/String;Ljava/net/URLStreamHandler;)V @ 504
Event: 1.798 Thread 0x00007fc67b114800 Uncommon trap: reason=class_check action=maybe_recompile pc=0x00000001017df708 method=java.net.URL.<init>(Ljava/net/URL;Ljava/lang/String;Ljava/net/URLStreamHandler;)V @ 504
Event: 1.799 Thread 0x00007fc67b114800 Uncommon trap: reason=class_check action=maybe_recompile pc=0x00000001017df708 method=java.net.URL.<init>(Ljava/net/URL;Ljava/lang/String;Ljava/net/URLStreamHandler;)V @ 504
Event: 3.526 Thread 0x00007fc67b114800 Uncommon trap: reason=class_check action=maybe_recompile pc=0x0000000101805f0c method=java.io.BufferedInputStream.read([BII)I @ 101

Internal exceptions (10 events):
Event: 3.588 Thread 0x00007fc67b114800 Threw 0x00000007d58aa2f8 at /HUDSON/workspace/7u-2-build-macosx-x86_64/jdk7u45/229/hotspot/src/share/vm/prims/jvm.cpp:1244
Event: 3.612 Thread 0x00007fc67b114800 Threw 0x00000007d58c6498 at /HUDSON/workspace/7u-2-build-macosx-x86_64/jdk7u45/229/hotspot/src/share/vm/prims/jvm.cpp:1244
Event: 3.612 Thread 0x00007fc67b114800 Threw 0x00000007d58caf58 at /HUDSON/workspace/7u-2-build-macosx-x86_64/jdk7u45/229/hotspot/src/share/vm/prims/jvm.cpp:1244
Event: 4.201 Thread 0x00007fc67b114800 Threw 0x00000007d56e1ba0 at /HUDSON/workspace/7u-2-build-macosx-x86_64/jdk7u45/229/hotspot/src/share/vm/prims/jvm.cpp:1244
Event: 4.203 Thread 0x00007fc67b114800 Threw 0x00000007d56e5890 at /HUDSON/workspace/7u-2-build-macosx-x86_64/jdk7u45/229/hotspot/src/share/vm/prims/jvm.cpp:1244
Event: 6.240 Thread 0x00007fc67b114800 Threw 0x00000007d6106d28 at /HUDSON/workspace/7u-2-build-macosx-x86_64/jdk7u45/229/hotspot/src/share/vm/prims/jvm.cpp:1244
Event: 6.293 Thread 0x00007fc67b114800 Threw 0x00000007d610f980 at /HUDSON/workspace/7u-2-build-macosx-x86_64/jdk7u45/229/hotspot/src/share/vm/prims/jvm.cpp:1244
Event: 6.307 Thread 0x00007fc67b114800 Threw 0x00000007d6127e88 at /HUDSON/workspace/7u-2-build-macosx-x86_64/jdk7u45/229/hotspot/src/share/vm/prims/jvm.cpp:1244
Event: 6.310 Thread 0x00007fc67b114800 Threw 0x00000007d612c2d0 at /HUDSON/workspace/7u-2-build-macosx-x86_64/jdk7u45/229/hotspot/src/share/vm/prims/jvm.cpp:1244
Event: 6.318 Thread 0x00007fc67b114800 Threw 0x00000007d6130ea8 at /HUDSON/workspace/7u-2-build-macosx-x86_64/jdk7u45/229/hotspot/src/share/vm/prims/jvm.cpp:1244

Events (10 events):
Event: 6.293 loading class 0x00007fc67a70b780
Event: 6.293 loading class 0x00007fc67a70b780 done
Event: 6.307 loading class 0x00007fc67a6237c0
Event: 6.307 loading class 0x00007fc67a6237c0 done
Event: 6.309 loading class 0x00007fc67a623870
Event: 6.309 loading class 0x00007fc67a623870 done
Event: 6.310 loading class 0x00000001099fdce0
Event: 6.310 loading class 0x00000001099fdce0 done
Event: 6.318 loading class 0x00007fc67a72a6c0
Event: 6.318 loading class 0x00007fc67a72a6c0 done


Dynamic libraries:
0x0000000007264000 	/System/Library/Frameworks/Cocoa.framework/Versions/A/Cocoa
0x0000000007264000 	/System/Library/Frameworks/Security.framework/Versions/A/Security
0x0000000007264000 	/System/Library/Frameworks/ApplicationServices.framework/Versions/A/ApplicationServices
0x0000000007264000 	/usr/lib/libz.1.dylib
0x0000000007264000 	/usr/lib/libSystem.B.dylib
0x0000000007264000 	/usr/lib/libobjc.A.dylib
0x0000000007264000 	/System/Library/Frameworks/CoreFoundation.framework/Versions/A/CoreFoundation
0x0000000007264000 	/System/Library/Frameworks/Foundation.framework/Versions/C/Foundation
0x0000000007264000 	/System/Library/Frameworks/AppKit.framework/Versions/C/AppKit
0x0000000007264000 	/System/Library/Frameworks/CoreData.framework/Versions/A/CoreData
0x0000000007264000 	/System/Library/PrivateFrameworks/RemoteViewServices.framework/Versions/A/RemoteViewServices
0x0000000007264000 	/System/Library/PrivateFrameworks/UIFoundation.framework/Versions/A/UIFoundation
0x0000000007264000 	/System/Library/Frameworks/IOSurface.framework/Versions/A/IOSurface
0x0000000007264000 	/System/Library/Frameworks/AudioToolbox.framework/Versions/A/AudioToolbox
0x0000000007264000 	/System/Library/Frameworks/AudioUnit.framework/Versions/A/AudioUnit
0x0000000007264000 	/System/Library/PrivateFrameworks/DataDetectorsCore.framework/Versions/A/DataDetectorsCore
0x0000000007264000 	/System/Library/PrivateFrameworks/DesktopServicesPriv.framework/Versions/A/DesktopServicesPriv
0x0000000007264000 	/System/Library/Frameworks/Carbon.framework/Versions/A/Frameworks/HIToolbox.framework/Versions/A/HIToolbox
0x0000000007264000 	/System/Library/Frameworks/QuartzCore.framework/Versions/A/QuartzCore
0x0000000007264000 	/System/Library/Frameworks/Carbon.framework/Versions/A/Frameworks/SpeechRecognition.framework/Versions/A/SpeechRecognition
0x0000000007264000 	/usr/lib/libauto.dylib
0x0000000007264000 	/usr/lib/libicucore.A.dylib
0x0000000007264000 	/usr/lib/libxml2.2.dylib
0x0000000007264000 	/System/Library/PrivateFrameworks/CoreUI.framework/Versions/A/CoreUI
0x0000000007264000 	/System/Library/Frameworks/CoreAudio.framework/Versions/A/CoreAudio
0x0000000007264000 	/System/Library/Frameworks/DiskArbitration.framework/Versions/A/DiskArbitration
0x0000000007264000 	/usr/lib/liblangid.dylib
0x0000000007264000 	/System/Library/PrivateFrameworks/MultitouchSupport.framework/Versions/A/MultitouchSupport
0x0000000007264000 	/System/Library/Frameworks/IOKit.framework/Versions/A/IOKit
0x0000000007264000 	/usr/lib/libDiagnosticMessagesClient.dylib
0x0000000007264000 	/System/Library/Frameworks/CoreServices.framework/Versions/A/CoreServices
0x0000000007264000 	/System/Library/PrivateFrameworks/PerformanceAnalysis.framework/Versions/A/PerformanceAnalysis
0x0000000007264000 	/System/Library/PrivateFrameworks/GenerationalStorage.framework/Versions/A/GenerationalStorage
0x0000000007264000 	/System/Library/Frameworks/OpenGL.framework/Versions/A/OpenGL
0x0000000007264000 	/System/Library/PrivateFrameworks/Sharing.framework/Versions/A/Sharing
0x0000000007264000 	/System/Library/Frameworks/CoreGraphics.framework/Versions/A/CoreGraphics
0x0000000007264000 	/System/Library/Frameworks/CoreText.framework/Versions/A/CoreText
0x0000000007264000 	/System/Library/Frameworks/ImageIO.framework/Versions/A/ImageIO
0x0000000007264000 	/usr/lib/libextension.dylib
0x0000000007264000 	/System/Library/PrivateFrameworks/Backup.framework/Versions/A/Backup
0x0000000007264000 	/usr/lib/libarchive.2.dylib
0x0000000007264000 	/System/Library/Frameworks/CFNetwork.framework/Versions/A/CFNetwork
0x0000000007264000 	/System/Library/Frameworks/SystemConfiguration.framework/Versions/A/SystemConfiguration
0x0000000007264000 	/usr/lib/libCRFSuite.dylib
0x0000000007264000 	/usr/lib/libc++.1.dylib
0x0000000007264000 	/usr/lib/libc++abi.dylib
0x0000000007264000 	/usr/lib/system/libcache.dylib
0x0000000007264000 	/usr/lib/system/libcommonCrypto.dylib
0x0000000007264000 	/usr/lib/system/libcompiler_rt.dylib
0x0000000007264000 	/usr/lib/system/libcopyfile.dylib
0x0000000007264000 	/usr/lib/system/libcorecrypto.dylib
0x0000000007264000 	/usr/lib/system/libdispatch.dylib
0x0000000007264000 	/usr/lib/system/libdyld.dylib
0x0000000007264000 	/usr/lib/system/libkeymgr.dylib
0x0000000007264000 	/usr/lib/system/liblaunch.dylib
0x0000000007264000 	/usr/lib/system/libmacho.dylib
0x0000000007264000 	/usr/lib/system/libquarantine.dylib
0x0000000007264000 	/usr/lib/system/libremovefile.dylib
0x0000000007264000 	/usr/lib/system/libsystem_asl.dylib
0x0000000007264000 	/usr/lib/system/libsystem_blocks.dylib
0x0000000007264000 	/usr/lib/system/libsystem_c.dylib
0x0000000007264000 	/usr/lib/system/libsystem_configuration.dylib
0x0000000007264000 	/usr/lib/system/libsystem_coreservices.dylib
0x0000000007264000 	/usr/lib/system/libsystem_coretls.dylib
0x0000000007264000 	/usr/lib/system/libsystem_dnssd.dylib
0x0000000007264000 	/usr/lib/system/libsystem_info.dylib
0x0000000007264000 	/usr/lib/system/libsystem_kernel.dylib
0x0000000007264000 	/usr/lib/system/libsystem_m.dylib
0x0000000007264000 	/usr/lib/system/libsystem_malloc.dylib
0x0000000007264000 	/usr/lib/system/libsystem_network.dylib
0x0000000007264000 	/usr/lib/system/libsystem_networkextension.dylib
0x0000000007264000 	/usr/lib/system/libsystem_notify.dylib
0x0000000007264000 	/usr/lib/system/libsystem_platform.dylib
0x0000000007264000 	/usr/lib/system/libsystem_pthread.dylib
0x0000000007264000 	/usr/lib/system/libsystem_sandbox.dylib
0x0000000007264000 	/usr/lib/system/libsystem_secinit.dylib
0x0000000007264000 	/usr/lib/system/libsystem_stats.dylib
0x0000000007264000 	/usr/lib/system/libsystem_trace.dylib
0x0000000007264000 	/usr/lib/system/libunc.dylib
0x0000000007264000 	/usr/lib/system/libunwind.dylib
0x0000000007264000 	/usr/lib/system/libxpc.dylib
0x0000000007264000 	/usr/lib/libbz2.1.0.dylib
0x0000000007264000 	/usr/lib/liblzma.5.dylib
0x0000000007264000 	/usr/lib/libbsm.0.dylib
0x0000000007264000 	/usr/lib/libsqlite3.dylib
0x0000000007264000 	/usr/lib/system/libkxld.dylib
0x0000000007264000 	/usr/lib/libxar.1.dylib
0x0000000007264000 	/usr/lib/libpam.2.dylib
0x0000000007264000 	/usr/lib/libOpenScriptingUtil.dylib
0x0000000007264000 	/System/Library/Frameworks/CoreServices.framework/Versions/A/Frameworks/FSEvents.framework/Versions/A/FSEvents
0x0000000007264000 	/System/Library/Frameworks/CoreServices.framework/Versions/A/Frameworks/CarbonCore.framework/Versions/A/CarbonCore
0x0000000007264000 	/System/Library/Frameworks/CoreServices.framework/Versions/A/Frameworks/Metadata.framework/Versions/A/Metadata
0x0000000007264000 	/System/Library/Frameworks/CoreServices.framework/Versions/A/Frameworks/OSServices.framework/Versions/A/OSServices
0x0000000007264000 	/System/Library/Frameworks/CoreServices.framework/Versions/A/Frameworks/SearchKit.framework/Versions/A/SearchKit
0x0000000007264000 	/System/Library/Frameworks/CoreServices.framework/Versions/A/Frameworks/AE.framework/Versions/A/AE
0x0000000007264000 	/System/Library/Frameworks/CoreServices.framework/Versions/A/Frameworks/LaunchServices.framework/Versions/A/LaunchServices
0x0000000007264000 	/System/Library/Frameworks/CoreServices.framework/Versions/A/Frameworks/DictionaryServices.framework/Versions/A/DictionaryServices
0x0000000007264000 	/System/Library/Frameworks/NetFS.framework/Versions/A/NetFS
0x0000000007264000 	/System/Library/PrivateFrameworks/NetAuth.framework/Versions/A/NetAuth
0x0000000007264000 	/System/Library/PrivateFrameworks/login.framework/Versions/A/Frameworks/loginsupport.framework/Versions/A/loginsupport
0x0000000007264000 	/System/Library/PrivateFrameworks/TCC.framework/Versions/A/TCC
0x0000000007264000 	/usr/lib/libmecabra.dylib
0x0000000007264000 	/System/Library/Frameworks/ApplicationServices.framework/Versions/A/Frameworks/ATS.framework/Versions/A/ATS
0x0000000007264000 	/System/Library/Frameworks/ApplicationServices.framework/Versions/A/Frameworks/ColorSync.framework/Versions/A/ColorSync
0x0000000007264000 	/System/Library/Frameworks/ApplicationServices.framework/Versions/A/Frameworks/HIServices.framework/Versions/A/HIServices
0x0000000007264000 	/System/Library/Frameworks/ApplicationServices.framework/Versions/A/Frameworks/LangAnalysis.framework/Versions/A/LangAnalysis
0x0000000007264000 	/System/Library/Frameworks/ApplicationServices.framework/Versions/A/Frameworks/PrintCore.framework/Versions/A/PrintCore
0x0000000007264000 	/System/Library/Frameworks/ApplicationServices.framework/Versions/A/Frameworks/QD.framework/Versions/A/QD
0x0000000007264000 	/System/Library/Frameworks/ApplicationServices.framework/Versions/A/Frameworks/SpeechSynthesis.framework/Versions/A/SpeechSynthesis
0x0000000007264000 	/System/Library/Frameworks/Accelerate.framework/Versions/A/Accelerate
0x0000000007264000 	/System/Library/Frameworks/Accelerate.framework/Versions/A/Frameworks/vImage.framework/Versions/A/vImage
0x0000000007264000 	/System/Library/Frameworks/Accelerate.framework/Versions/A/Frameworks/vecLib.framework/Versions/A/vecLib
0x0000000007264000 	/System/Library/Frameworks/Accelerate.framework/Versions/A/Frameworks/vecLib.framework/Versions/A/libvDSP.dylib
0x0000000007264000 	/System/Library/Frameworks/Accelerate.framework/Versions/A/Frameworks/vecLib.framework/Versions/A/libvMisc.dylib
0x0000000007264000 	/System/Library/Frameworks/Accelerate.framework/Versions/A/Frameworks/vecLib.framework/Versions/A/libLAPACK.dylib
0x0000000007264000 	/System/Library/Frameworks/Accelerate.framework/Versions/A/Frameworks/vecLib.framework/Versions/A/libBLAS.dylib
0x0000000007264000 	/System/Library/Frameworks/Accelerate.framework/Versions/A/Frameworks/vecLib.framework/Versions/A/libLinearAlgebra.dylib
0x0000000007264000 	/System/Library/Frameworks/ApplicationServices.framework/Versions/A/Frameworks/ATS.framework/Versions/A/Resources/libFontParser.dylib
0x0000000007264000 	/System/Library/Frameworks/ApplicationServices.framework/Versions/A/Frameworks/ATS.framework/Versions/A/Resources/libFontRegistry.dylib
0x0000000007264000 	/System/Library/PrivateFrameworks/AppleVPA.framework/Versions/A/AppleVPA
0x0000000007264000 	/System/Library/PrivateFrameworks/AppleJPEG.framework/Versions/A/AppleJPEG
0x0000000007264000 	/System/Library/Frameworks/ImageIO.framework/Versions/A/Resources/libJPEG.dylib
0x0000000007264000 	/System/Library/Frameworks/ImageIO.framework/Versions/A/Resources/libTIFF.dylib
0x0000000007264000 	/System/Library/Frameworks/ImageIO.framework/Versions/A/Resources/libPng.dylib
0x0000000007264000 	/System/Library/Frameworks/ImageIO.framework/Versions/A/Resources/libGIF.dylib
0x0000000007264000 	/System/Library/Frameworks/ImageIO.framework/Versions/A/Resources/libJP2.dylib
0x0000000007264000 	/System/Library/Frameworks/ImageIO.framework/Versions/A/Resources/libRadiance.dylib
0x0000000007264000 	/System/Library/Frameworks/CoreVideo.framework/Versions/A/CoreVideo
0x0000000007264000 	/System/Library/Frameworks/OpenGL.framework/Versions/A/Libraries/libGLU.dylib
0x0000000007264000 	/System/Library/Frameworks/OpenGL.framework/Versions/A/Libraries/libGFXShared.dylib
0x0000000007264000 	/System/Library/Frameworks/OpenGL.framework/Versions/A/Libraries/libGL.dylib
0x0000000007264000 	/System/Library/Frameworks/OpenGL.framework/Versions/A/Libraries/libGLImage.dylib
0x0000000007264000 	/System/Library/Frameworks/OpenGL.framework/Versions/A/Libraries/libCVMSPluginSupport.dylib
0x0000000007264000 	/System/Library/Frameworks/OpenGL.framework/Versions/A/Libraries/libCoreVMClient.dylib
0x0000000007264000 	/usr/lib/libcups.2.dylib
0x0000000007264000 	/System/Library/Frameworks/Kerberos.framework/Versions/A/Kerberos
0x0000000007264000 	/System/Library/Frameworks/GSS.framework/Versions/A/GSS
0x0000000007264000 	/usr/lib/libresolv.9.dylib
0x0000000007264000 	/usr/lib/libiconv.2.dylib
0x0000000007264000 	/System/Library/PrivateFrameworks/Heimdal.framework/Versions/A/Heimdal
0x0000000007264000 	/usr/lib/libheimdal-asn1.dylib
0x0000000007264000 	/System/Library/Frameworks/OpenDirectory.framework/Versions/A/OpenDirectory
0x0000000007264000 	/System/Library/PrivateFrameworks/CommonAuth.framework/Versions/A/CommonAuth
0x0000000007264000 	/System/Library/Frameworks/OpenDirectory.framework/Versions/A/Frameworks/CFOpenDirectory.framework/Versions/A/CFOpenDirectory
0x0000000007264000 	/System/Library/Frameworks/SecurityFoundation.framework/Versions/A/SecurityFoundation
0x0000000007264000 	/System/Library/PrivateFrameworks/LanguageModeling.framework/Versions/A/LanguageModeling
0x0000000007264000 	/usr/lib/libcmph.dylib
0x0000000007264000 	/System/Library/Frameworks/ServiceManagement.framework/Versions/A/ServiceManagement
0x0000000007264000 	/usr/lib/libxslt.1.dylib
0x0000000007264000 	/System/Library/Frameworks/Carbon.framework/Versions/A/Frameworks/Ink.framework/Versions/A/Ink
0x0000000007264000 	/System/Library/Frameworks/QuartzCore.framework/Versions/A/Frameworks/CoreImage.framework/Versions/A/CoreImage
0x0000000007264000 	/System/Library/PrivateFrameworks/CrashReporterSupport.framework/Versions/A/CrashReporterSupport
0x0000000007264000 	/System/Library/Frameworks/OpenCL.framework/Versions/A/OpenCL
0x0000000007264000 	/System/Library/PrivateFrameworks/FaceCore.framework/Versions/A/FaceCore
0x0000000007264000 	/System/Library/PrivateFrameworks/Ubiquity.framework/Versions/A/Ubiquity
0x0000000007264000 	/System/Library/PrivateFrameworks/IconServices.framework/Versions/A/IconServices
0x0000000007264000 	/System/Library/PrivateFrameworks/ChunkingLibrary.framework/Versions/A/ChunkingLibrary
0x0000000007264000 	/System/Library/PrivateFrameworks/Apple80211.framework/Versions/A/Apple80211
0x0000000007264000 	/System/Library/Frameworks/CoreWLAN.framework/Versions/A/CoreWLAN
0x0000000007264000 	/System/Library/Frameworks/IOBluetooth.framework/Versions/A/IOBluetooth
0x0000000007264000 	/System/Library/PrivateFrameworks/CoreWiFi.framework/Versions/A/CoreWiFi
0x0000000007264000 	/System/Library/Frameworks/CoreBluetooth.framework/Versions/A/CoreBluetooth
0x0000000007264000 	/System/Library/PrivateFrameworks/DebugSymbols.framework/Versions/A/DebugSymbols
0x0000000007264000 	/System/Library/PrivateFrameworks/CoreSymbolication.framework/Versions/A/CoreSymbolication
0x0000000007264000 	/System/Library/PrivateFrameworks/Symbolication.framework/Versions/A/Symbolication
0x0000000007264000 	/System/Library/PrivateFrameworks/SpeechRecognitionCore.framework/Versions/A/SpeechRecognitionCore
0x0000000100c00000 	/Library/Java/JavaVirtualMachines/jdk1.7.0_45.jdk/Contents/Home/jre/lib/server/libjvm.dylib
0x0000000007264000 	/usr/lib/libstdc++.6.dylib
0x000000010035a000 	/Library/Java/JavaVirtualMachines/jdk1.7.0_45.jdk/Contents/Home/jre/lib/libverify.dylib
0x0000000100367000 	/Library/Java/JavaVirtualMachines/jdk1.7.0_45.jdk/Contents/Home/jre/lib/libjava.dylib
0x00000001003a1000 	/Library/Java/JavaVirtualMachines/jdk1.7.0_45.jdk/Contents/Home/jre/lib/libzip.dylib
0x000000010af6e000 	/System/Library/Frameworks/JavaVM.framework/Frameworks/JavaRuntimeSupport.framework/JavaRuntimeSupport
0x000000010af84000 	/System/Library/Frameworks/JavaVM.framework/Versions/A/Frameworks/JavaNativeFoundation.framework/Versions/A/JavaNativeFoundation
0x000000010af98000 	/System/Library/Frameworks/JavaVM.framework/Versions/A/JavaVM
0x0000000007264000 	/System/Library/Frameworks/Carbon.framework/Versions/A/Carbon
0x000000010afa4000 	/System/Library/PrivateFrameworks/JavaLaunching.framework/Versions/A/JavaLaunching
0x0000000007264000 	/System/Library/Frameworks/Carbon.framework/Versions/A/Frameworks/CommonPanels.framework/Versions/A/CommonPanels
0x0000000007264000 	/System/Library/Frameworks/Carbon.framework/Versions/A/Frameworks/Help.framework/Versions/A/Help
0x0000000007264000 	/System/Library/Frameworks/Carbon.framework/Versions/A/Frameworks/ImageCapture.framework/Versions/A/ImageCapture
0x0000000007264000 	/System/Library/Frameworks/Carbon.framework/Versions/A/Frameworks/OpenScripting.framework/Versions/A/OpenScripting
0x0000000007264000 	/System/Library/Frameworks/Carbon.framework/Versions/A/Frameworks/Print.framework/Versions/A/Print
0x0000000007264000 	/System/Library/Frameworks/Carbon.framework/Versions/A/Frameworks/SecurityHI.framework/Versions/A/SecurityHI
0x000000010cdf2000 	/private/var/folders/p5/g29h5nqx64q7897bh9g_v9jc0000gn/T/libgdxKeli/d8ae55ed/libgdx64.dylib
0x000000010ce47000 	/Library/Java/JavaVirtualMachines/jdk1.7.0_45.jdk/Contents/Home/jre/lib/libawt.dylib
0x000000010cef6000 	/Library/Java/JavaVirtualMachines/jdk1.7.0_45.jdk/Contents/Home/jre/lib/./libmlib_image.dylib
0x000000010cfc2000 	/Library/Java/JavaVirtualMachines/jdk1.7.0_45.jdk/Contents/Home/jre/lib/lwawt/liblwawt.dylib
0x000000010d076000 	/Library/Java/JavaVirtualMachines/jdk1.7.0_45.jdk/Contents/Home/jre/lib/libosxapp.dylib
0x0000000007264000 	/System/Library/Frameworks/ExceptionHandling.framework/Versions/A/ExceptionHandling
0x0000000007264000 	/System/Library/PrivateFrameworks/CoreServicesInternal.framework/Versions/A/CoreServicesInternal
0x0000000007264000 	/System/Library/PrivateFrameworks/CloudDocs.framework/Versions/A/CloudDocs
0x0000000007264000 	/System/Library/PrivateFrameworks/CoreDuet.framework/Versions/A/CoreDuet
0x0000000007264000 	/System/Library/Frameworks/CloudKit.framework/Versions/A/CloudKit
0x0000000007264000 	/System/Library/PrivateFrameworks/ProtocolBuffer.framework/Versions/A/ProtocolBuffer
0x0000000007264000 	/System/Library/PrivateFrameworks/CoreDuetDaemonProtocol.framework/Versions/A/CoreDuetDaemonProtocol
0x0000000007264000 	/System/Library/PrivateFrameworks/CoreDuetDebugLogging.framework/Versions/A/CoreDuetDebugLogging
0x0000000007264000 	/System/Library/PrivateFrameworks/MMCS.framework/Versions/A/MMCS
0x0000000007264000 	/System/Library/Frameworks/CoreLocation.framework/Versions/A/CoreLocation
0x0000000007264000 	/System/Library/PrivateFrameworks/ProtectedCloudStorage.framework/Versions/A/ProtectedCloudStorage
0x0000000007264000 	/System/Library/PrivateFrameworks/GeoServices.framework/Versions/A/GeoServices
0x0000000007264000 	/System/Library/Frameworks/CoreGraphics.framework/Versions/A/Resources/libCGCMS.A.dylib
0x0000000007264000 	/System/Library/Frameworks/CoreGraphics.framework/Versions/A/Resources/libRIP.A.dylib
0x0000000007264000 	/System/Library/Frameworks/CoreGraphics.framework/Versions/A/Resources/libCGXType.A.dylib
0x0000000007264000 	/System/Library/Frameworks/OpenCL.framework/Versions/A/Libraries/libcldcpuengine.dylib
0x0000000007264000 	/System/Library/PrivateFrameworks/DiskImages.framework/Versions/A/DiskImages
0x0000000007264000 	/System/Library/Frameworks/DiscRecording.framework/Versions/A/DiscRecording
0x0000000007264000 	/usr/lib/libcsfde.dylib
0x0000000007264000 	/usr/lib/libcurl.4.dylib
0x0000000007264000 	/System/Library/PrivateFrameworks/MediaKit.framework/Versions/A/MediaKit
0x0000000007264000 	/usr/lib/libCoreStorage.dylib
0x0000000007264000 	/System/Library/PrivateFrameworks/EFILogin.framework/Versions/A/EFILogin
0x0000000007264000 	/usr/lib/libutil.dylib
0x0000000007264000 	/System/Library/PrivateFrameworks/FindMyDevice.framework/Versions/A/FindMyDevice
0x0000000007264000 	/System/Library/Frameworks/LDAP.framework/Versions/A/LDAP
0x0000000007264000 	/usr/lib/libsasl2.2.dylib
0x0000000007264000 	/System/Library/PrivateFrameworks/CoreDaemon.framework/Versions/B/CoreDaemon
0x0000000007264000 	/usr/lib/libcrypto.0.9.8.dylib
0x0000000007264000 	/System/Library/PrivateFrameworks/AppleSRP.framework/Versions/A/AppleSRP
0x0000000007264000 	/System/Library/PrivateFrameworks/TrustEvaluationAgent.framework/Versions/A/TrustEvaluationAgent
0x0000000110407000 	cl_kernels
0x0000000110409000 	/System/Library/Frameworks/OpenCL.framework/Versions/A/Libraries/ImageFormats/unorm8_bgra.dylib
0x00000001103f9000 	cl_kernels
0x0000000007264000 	/System/Library/PrivateFrameworks/FamilyControls.framework/Versions/A/FamilyControls
0x0000000007264000 	/System/Library/PrivateFrameworks/CommerceKit.framework/Versions/A/Frameworks/CommerceCore.framework/Versions/A/CommerceCore
0x0000000007264000 	/System/Library/PrivateFrameworks/SystemAdministration.framework/Versions/A/SystemAdministration
0x0000000007264000 	/System/Library/PrivateFrameworks/AppContainer.framework/Versions/A/AppContainer
0x0000000007264000 	/System/Library/PrivateFrameworks/SecCodeWrapper.framework/Versions/A/SecCodeWrapper
0x0000000007264000 	/System/Library/Frameworks/DirectoryService.framework/Versions/A/DirectoryService
0x0000000007264000 	/System/Library/PrivateFrameworks/LoginUIKit.framework/Versions/A/Frameworks/LoginUICore.framework/Versions/A/LoginUICore
0x0000000007264000 	/usr/lib/libodfde.dylib
0x0000000111641000 	/Library/Java/JavaVirtualMachines/jdk1.7.0_45.jdk/Contents/Home/jre/lib/libfontmanager.dylib
0x00000001116a5000 	/private/var/folders/p5/g29h5nqx64q7897bh9g_v9jc0000gn/T/libgdxKeli/f7649394/liblwjgl.dylib
0x000000010f850000 	/Library/Java/JavaVirtualMachines/jdk1.7.0_45.jdk/Contents/Home/jre/lib/libjawt.dylib
0x0000000111727000 	/var/folders/p5/g29h5nqx64q7897bh9g_v9jc0000gn/T/libgdxKeli/f7649394/openal.dylib
0x0000000111796000 	/System/Library/Components/CoreAudio.component/Contents/MacOS/CoreAudio
0x000000010f868000 	/System/Library/Extensions/AppleHDA.kext/Contents/PlugIns/AppleHDAHALPlugIn.bundle/Contents/MacOS/AppleHDAHALPlugIn
0x0000000007264000 	/System/Library/Frameworks/OpenGL.framework/Versions/A/Resources/GLEngine.bundle/GLEngine
0x0000000007264000 	/System/Library/Frameworks/OpenGL.framework/Versions/A/Libraries/libGLProgrammability.dylib
0x0000000111c73000 	/System/Library/Extensions/AppleIntelHD4000GraphicsGLDriver.bundle/Contents/MacOS/AppleIntelHD4000GraphicsGLDriver
0x0000000007264000 	/System/Library/PrivateFrameworks/IOAccelerator.framework/Versions/A/IOAccelerator
0x0000000007264000 	/System/Library/PrivateFrameworks/GPUSupport.framework/Versions/A/Libraries/libGPUSupportMercury.dylib
0x0000000007264000 	/System/Library/Frameworks/OpenGL.framework/Versions/A/Resources/GLRendererFloat.bundle/GLRendererFloat

VM Arguments:
jvm_args: -Dfile.encoding=UTF-8 
java_command: com.ru.tgra.lab1.desktop.DesktopLauncher
Launcher Type: SUN_STANDARD

Environment Variables:
PATH=/usr/bin:/bin:/usr/sbin:/sbin
SHELL=/bin/bash

Signal Handlers:
SIGSEGV: [libjvm.dylib+0x525415], sa_mask[0]=0xfffefeff, sa_flags=0x00000043
SIGBUS: [libjvm.dylib+0x525415], sa_mask[0]=0xfffefeff, sa_flags=0x00000042
SIGFPE: [libjvm.dylib+0x41891a], sa_mask[0]=0xfffefeff, sa_flags=0x00000042
SIGPIPE: [libjvm.dylib+0x41891a], sa_mask[0]=0xfffefeff, sa_flags=0x00000042
SIGXFSZ: [libjvm.dylib+0x41891a], sa_mask[0]=0xfffefeff, sa_flags=0x00000042
SIGILL: [libjvm.dylib+0x41891a], sa_mask[0]=0xfffefeff, sa_flags=0x00000042
SIGUSR1: SIG_DFL, sa_mask[0]=0x00000000, sa_flags=0x00000000
SIGUSR2: [libjvm.dylib+0x41840c], sa_mask[0]=0x00000004, sa_flags=0x00000042
SIGHUP: [libjvm.dylib+0x41669b], sa_mask[0]=0xfffefeff, sa_flags=0x00000042
SIGINT: [libjvm.dylib+0x41669b], sa_mask[0]=0xfffefeff, sa_flags=0x00000042
SIGTERM: [libjvm.dylib+0x41669b], sa_mask[0]=0xfffefeff, sa_flags=0x00000042
SIGQUIT: [libjvm.dylib+0x41669b], sa_mask[0]=0xfffefeff, sa_flags=0x00000042


---------------  S Y S T E M  ---------------

OS:Bsduname:Darwin 14.5.0 Darwin Kernel Version 14.5.0: Wed Jul 29 02:26:53 PDT 2015; root:xnu-2782.40.9~1/RELEASE_X86_64 x86_64
rlimit: STACK 8192k, CORE 0k, NPROC 709, NOFILE 10240, AS infinity
load average:1.84 1.61 1.50

CPU:total 4 (2 cores per cpu, 2 threads per core) family 6 model 58 stepping 9, cmov, cx8, fxsr, mmx, sse, sse2, sse3, ssse3, sse4.1, sse4.2, popcnt, avx, aes, erms, ht, tsc, tscinvbit, tscinv

Memory: 4k page, physical 8388608k(2097152k free)

/proc/meminfo:


vm_info: Java HotSpot(TM) 64-Bit Server VM (24.45-b08) for bsd-amd64 JRE (1.7.0_45-b18), built on Oct  8 2013 05:54:16 by "java_re" with gcc 4.2.1 (Based on Apple Inc. build 5658) (LLVM build 2336.11.00)

time: Wed Oct 14 17:01:47 2015
elapsed time: 6 seconds

